# JRE version: OpenJDK Runtime Environment Temurin-21.0.10+7 (21.0.10+7) (build 21.0.10+7-LTS)
# Java VM: OpenJDK 64-Bit Server VM Temurin-21.0.10+7 (21.0.10+7-LTS, mixed mode, sharing, tiered, compressed oops, compressed class ptrs, parallel gc, windows-amd64)
GC Precious Log:
 CardTable entry size: 512
 CPUs: 4 total, 4 available
 Memory: 7996M
 Large Page Support: Disabled
 NUMA Support: Disabled
 Compressed Oops: Enabled (32-bit)
 Alignments: Space 512K, Generation 512K, Heap 2M
 Heap Min Capacity: 100M
 Heap Initial Capacity: 100M
 Heap Max Capacity: 2G
 Pre-touch: Disabled
 Parallel Workers: 4
Heap:
 PSYoungGen      total 22016K, used 19326K [0x00000000d5580000, 0x00000000d6e80000, 0x0000000100000000)
  eden space 21504K, 89% used [0x00000000d5580000,0x00000000d6837830,0x00000000d6a80000)
  from space 512K, 31% used [0x00000000d6d80000,0x00000000d6da8000,0x00000000d6e00000)
  to   space 512K, 0% used [0x00000000d6e00000,0x00000000d6e00000,0x00000000d6e80000)
 ParOldGen       total 68608K, used 41685K [0x0000000080000000, 0x0000000084300000, 0x00000000d5580000)
  object space 68608K, 60% used [0x0000000080000000,0x00000000828b5730,0x0000000084300000)
 Metaspace       used 65792K, committed 67264K, reserved 1114112K
  class space    used 8321K, committed 8960K, reserved 1048576K
GC Heap History (20 events):
Event: 149.362 GC heap before
{Heap before GC invocations=37 (full 3):
 PSYoungGen      total 22016K, used 21717K [0x00000000d5580000, 0x00000000d6f80000, 0x0000000100000000)
  eden space 21504K, 100% used [0x00000000d5580000,0x00000000d6a80000,0x00000000d6a80000)
  from space 512K, 41% used [0x00000000d6e80000,0x00000000d6eb54b8,0x00000000d6f00000)
  to   space 512K, 0% used [0x00000000d6f00000,0x00000000d6f00000,0x00000000d6f80000)
 ParOldGen       total 68608K, used 39811K [0x0000000080000000, 0x0000000084300000, 0x00000000d5580000)
  object space 68608K, 58% used [0x0000000080000000,0x00000000826e0d98,0x0000000084300000)
 Metaspace       used 60518K, committed 61824K, reserved 1114112K
  class space    used 7630K, committed 8192K, reserved 1048576K
}
Event: 149.363 GC heap after
{Heap after GC invocations=37 (full 3):
 PSYoungGen      total 22016K, used 160K [0x00000000d5580000, 0x00000000d6f80000, 0x0000000100000000)
  eden space 21504K, 0% used [0x00000000d5580000,0x00000000d5580000,0x00000000d6a80000)
  from space 512K, 31% used [0x00000000d6f00000,0x00000000d6f28000,0x00000000d6f80000)
  to   space 512K, 0% used [0x00000000d6e80000,0x00000000d6e80000,0x00000000d6f00000)
 ParOldGen       total 68608K, used 39869K [0x0000000080000000, 0x0000000084300000, 0x00000000d5580000)
  object space 68608K, 58% used [0x0000000080000000,0x00000000826ef600,0x0000000084300000)
 Metaspace       used 60518K, committed 61824K, reserved 1114112K
  class space    used 7630K, committed 8192K, reserved 1048576K
}
Event: 149.895 GC heap before
{Heap before GC invocations=38 (full 3):
 PSYoungGen      total 22016K, used 21664K [0x00000000d5580000, 0x00000000d6f80000, 0x0000000100000000)
  eden space 21504K, 100% used [0x00000000d5580000,0x00000000d6a80000,0x00000000d6a80000)
  from space 512K, 31% used [0x00000000d6f00000,0x00000000d6f28000,0x00000000d6f80000)
  to   space 512K, 0% used [0x00000000d6e80000,0x00000000d6e80000,0x00000000d6f00000)
 ParOldGen       total 68608K, used 39869K [0x0000000080000000, 0x0000000084300000, 0x00000000d5580000)
  object space 68608K, 58% used [0x0000000080000000,0x00000000826ef600,0x0000000084300000)
 Metaspace       used 60518K, committed 61824K, reserved 1114112K
  class space    used 7630K, committed 8192K, reserved 1048576K
}
Event: 149.896 GC heap after
{Heap after GC invocations=38 (full 3):
 PSYoungGen      total 22016K, used 458K [0x00000000d5580000, 0x00000000d6f80000, 0x0000000100000000)
  eden space 21504K, 0% used [0x00000000d5580000,0x00000000d5580000,0x00000000d6a80000)
  from space 512K, 89% used [0x00000000d6e80000,0x00000000d6ef2b98,0x00000000d6f00000)
  to   space 512K, 0% used [0x00000000d6f00000,0x00000000d6f00000,0x00000000d6f80000)
 ParOldGen       total 68608K, used 39933K [0x0000000080000000, 0x0000000084300000, 0x00000000d5580000)
  object space 68608K, 58% used [0x0000000080000000,0x00000000826ff610,0x0000000084300000)
 Metaspace       used 60518K, committed 61824K, reserved 1114112K
  class space    used 7630K, committed 8192K, reserved 1048576K
}
Event: 150.230 GC heap before
{Heap before GC invocations=39 (full 3):
 PSYoungGen      total 22016K, used 21961K [0x00000000d5580000, 0x00000000d6f80000, 0x0000000100000000)
  eden space 21504K, 99% used [0x00000000d5580000,0x00000000d6a7fa98,0x00000000d6a80000)
  from space 512K, 89% used [0x00000000d6e80000,0x00000000d6ef2b98,0x00000000d6f00000)
  to   space 512K, 0% used [0x00000000d6f00000,0x00000000d6f00000,0x00000000d6f80000)
 ParOldGen       total 68608K, used 39933K [0x0000000080000000, 0x0000000084300000, 0x00000000d5580000)
  object space 68608K, 58% used [0x0000000080000000,0x00000000826ff610,0x0000000084300000)
 Metaspace       used 60518K, committed 61824K, reserved 1114112K
  class space    used 7630K, committed 8192K, reserved 1048576K
}
Event: 150.232 GC heap after
{Heap after GC invocations=39 (full 3):
 PSYoungGen      total 22016K, used 510K [0x00000000d5580000, 0x00000000d6f80000, 0x0000000100000000)
  eden space 21504K, 0% used [0x00000000d5580000,0x00000000d5580000,0x00000000d6a80000)
  from space 512K, 99% used [0x00000000d6f00000,0x00000000d6f7faa0,0x00000000d6f80000)
  to   space 1024K, 0% used [0x00000000d6d80000,0x00000000d6d80000,0x00000000d6e80000)
 ParOldGen       total 68608K, used 40278K [0x0000000080000000, 0x0000000084300000, 0x00000000d5580000)
  object space 68608K, 58% used [0x0000000080000000,0x0000000082755af8,0x0000000084300000)
 Metaspace       used 60518K, committed 61824K, reserved 1114112K
  class space    used 7630K, committed 8192K, reserved 1048576K
}
Event: 150.614 GC heap before
{Heap before GC invocations=40 (full 3):
 PSYoungGen      total 22016K, used 22014K [0x00000000d5580000, 0x00000000d6f80000, 0x0000000100000000)
  eden space 21504K, 100% used [0x00000000d5580000,0x00000000d6a80000,0x00000000d6a80000)
  from space 512K, 99% used [0x00000000d6f00000,0x00000000d6f7faa0,0x00000000d6f80000)
  to   space 1024K, 0% used [0x00000000d6d80000,0x00000000d6d80000,0x00000000d6e80000)
 ParOldGen       total 68608K, used 40278K [0x0000000080000000, 0x0000000084300000, 0x00000000d5580000)
  object space 68608K, 58% used [0x0000000080000000,0x0000000082755af8,0x0000000084300000)
 Metaspace       used 60518K, committed 61824K, reserved 1114112K
  class space    used 7630K, committed 8192K, reserved 1048576K
}
Event: 150.616 GC heap after
{Heap after GC invocations=40 (full 3):
 PSYoungGen      total 22528K, used 953K [0x00000000d5580000, 0x00000000d6f80000, 0x0000000100000000)
  eden space 21504K, 0% used [0x00000000d5580000,0x00000000d5580000,0x00000000d6a80000)
  from space 1024K, 93% used [0x00000000d6d80000,0x00000000d6e6e6d0,0x00000000d6e80000)
  to   space 1024K, 0% used [0x00000000d6e80000,0x00000000d6e80000,0x00000000d6f80000)
 ParOldGen       total 68608K, used 40294K [0x0000000080000000, 0x0000000084300000, 0x00000000d5580000)
  object space 68608K, 58% used [0x0000000080000000,0x0000000082759af8,0x0000000084300000)
 Metaspace       used 60518K, committed 61824K, reserved 1114112K
  class space    used 7630K, committed 8192K, reserved 1048576K
}
Event: 151.027 GC heap before
{Heap before GC invocations=41 (full 3):
 PSYoungGen      total 22528K, used 22457K [0x00000000d5580000, 0x00000000d6f80000, 0x0000000100000000)
  eden space 21504K, 100% used [0x00000000d5580000,0x00000000d6a80000,0x00000000d6a80000)
  from space 1024K, 93% used [0x00000000d6d80000,0x00000000d6e6e6d0,0x00000000d6e80000)
  to   space 1024K, 0% used [0x00000000d6e80000,0x00000000d6e80000,0x00000000d6f80000)
 ParOldGen       total 68608K, used 40294K [0x0000000080000000, 0x0000000084300000, 0x00000000d5580000)
  object space 68608K, 58% used [0x0000000080000000,0x0000000082759af8,0x0000000084300000)
 Metaspace       used 60518K, committed 61824K, reserved 1114112K
  class space    used 7630K, committed 8192K, reserved 1048576K
}
Event: 151.029 GC heap after
{Heap after GC invocations=41 (full 3):
 PSYoungGen      total 22528K, used 895K [0x00000000d5580000, 0x00000000d6f80000, 0x0000000100000000)
  eden space 21504K, 0% used [0x00000000d5580000,0x00000000d5580000,0x00000000d6a80000)
  from space 1024K, 87% used [0x00000000d6e80000,0x00000000d6f5fdc0,0x00000000d6f80000)
  to   space 1024K, 0% used [0x00000000d6d80000,0x00000000d6d80000,0x00000000d6e80000)
 ParOldGen       total 68608K, used 40326K [0x0000000080000000, 0x0000000084300000, 0x00000000d5580000)
  object space 68608K, 58% used [0x0000000080000000,0x0000000082761af8,0x0000000084300000)
 Metaspace       used 60518K, committed 61824K, reserved 1114112K
  class space    used 7630K, committed 8192K, reserved 1048576K
}
Event: 151.334 GC heap before
{Heap before GC invocations=42 (full 3):
 PSYoungGen      total 22528K, used 22399K [0x00000000d5580000, 0x00000000d6f80000, 0x0000000100000000)
  eden space 21504K, 100% used [0x00000000d5580000,0x00000000d6a80000,0x00000000d6a80000)
  from space 1024K, 87% used [0x00000000d6e80000,0x00000000d6f5fdc0,0x00000000d6f80000)
  to   space 1024K, 0% used [0x00000000d6d80000,0x00000000d6d80000,0x00000000d6e80000)
 ParOldGen       total 68608K, used 40326K [0x0000000080000000, 0x0000000084300000, 0x00000000d5580000)
  object space 68608K, 58% used [0x0000000080000000,0x0000000082761af8,0x0000000084300000)
 Metaspace       used 60518K, committed 61824K, reserved 1114112K
  class space    used 7630K, committed 8192K, reserved 1048576K
}
Event: 151.336 GC heap after
{Heap after GC invocations=42 (full 3):
 PSYoungGen      total 22528K, used 1005K [0x00000000d5580000, 0x00000000d6f00000, 0x0000000100000000)
  eden space 21504K, 0% used [0x00000000d5580000,0x00000000d5580000,0x00000000d6a80000)
  from space 1024K, 98% used [0x00000000d6d80000,0x00000000d6e7b608,0x00000000d6e80000)
  to   space 512K, 0% used [0x00000000d6e80000,0x00000000d6e80000,0x00000000d6f00000)
 ParOldGen       total 68608K, used 40334K [0x0000000080000000, 0x0000000084300000, 0x00000000d5580000)
  object space 68608K, 58% used [0x0000000080000000,0x0000000082763af8,0x0000000084300000)
 Metaspace       used 60518K, committed 61824K, reserved 1114112K
  class space    used 7630K, committed 8192K, reserved 1048576K
}
Event: 152.131 GC heap before
{Heap before GC invocations=43 (full 3):
 PSYoungGen      total 22528K, used 22509K [0x00000000d5580000, 0x00000000d6f00000, 0x0000000100000000)
  eden space 21504K, 100% used [0x00000000d5580000,0x00000000d6a80000,0x00000000d6a80000)
  from space 1024K, 98% used [0x00000000d6d80000,0x00000000d6e7b608,0x00000000d6e80000)
  to   space 512K, 0% used [0x00000000d6e80000,0x00000000d6e80000,0x00000000d6f00000)
 ParOldGen       total 68608K, used 40334K [0x0000000080000000, 0x0000000084300000, 0x00000000d5580000)
  object space 68608K, 58% used [0x0000000080000000,0x0000000082763af8,0x0000000084300000)
 Metaspace       used 61894K, committed 63360K, reserved 1114112K
  class space    used 7836K, committed 8512K, reserved 1048576K
}
Event: 152.134 GC heap after
{Heap after GC invocations=43 (full 3):
 PSYoungGen      total 22016K, used 512K [0x00000000d5580000, 0x00000000d6f00000, 0x0000000100000000)
  eden space 21504K, 0% used [0x00000000d5580000,0x00000000d5580000,0x00000000d6a80000)
  from space 512K, 100% used [0x00000000d6e80000,0x00000000d6f00000,0x00000000d6f00000)
  to   space 1024K, 0% used [0x00000000d6d00000,0x00000000d6d00000,0x00000000d6e00000)
 ParOldGen       total 68608K, used 40358K [0x0000000080000000, 0x0000000084300000, 0x00000000d5580000)
  object space 68608K, 58% used [0x0000000080000000,0x0000000082769af8,0x0000000084300000)
 Metaspace       used 61894K, committed 63360K, reserved 1114112K
  class space    used 7836K, committed 8512K, reserved 1048576K
}
Event: 158.362 GC heap before
{Heap before GC invocations=44 (full 3):
 PSYoungGen      total 22016K, used 22016K [0x00000000d5580000, 0x00000000d6f00000, 0x0000000100000000)
  eden space 21504K, 100% used [0x00000000d5580000,0x00000000d6a80000,0x00000000d6a80000)
  from space 512K, 100% used [0x00000000d6e80000,0x00000000d6f00000,0x00000000d6f00000)
  to   space 1024K, 0% used [0x00000000d6d00000,0x00000000d6d00000,0x00000000d6e00000)
 ParOldGen       total 68608K, used 40358K [0x0000000080000000, 0x0000000084300000, 0x00000000d5580000)
  object space 68608K, 58% used [0x0000000080000000,0x0000000082769af8,0x0000000084300000)
 Metaspace       used 64173K, committed 65536K, reserved 1114112K
  class space    used 8162K, committed 8768K, reserved 1048576K
}
Event: 158.366 GC heap after
{Heap after GC invocations=44 (full 3):
 PSYoungGen      total 22528K, used 768K [0x00000000d5580000, 0x00000000d6f00000, 0x0000000100000000)
  eden space 21504K, 0% used [0x00000000d5580000,0x00000000d5580000,0x00000000d6a80000)
  from space 1024K, 75% used [0x00000000d6d00000,0x00000000d6dc0010,0x00000000d6e00000)
  to   space 1024K, 0% used [0x00000000d6e00000,0x00000000d6e00000,0x00000000d6f00000)
 ParOldGen       total 68608K, used 40814K [0x0000000080000000, 0x0000000084300000, 0x00000000d5580000)
  object space 68608K, 59% used [0x0000000080000000,0x00000000827dbb18,0x0000000084300000)
 Metaspace       used 64173K, committed 65536K, reserved 1114112K
  class space    used 8162K, committed 8768K, reserved 1048576K
}
Event: 222.431 GC heap before
{Heap before GC invocations=45 (full 3):
 PSYoungGen      total 22528K, used 22272K [0x00000000d5580000, 0x00000000d6f00000, 0x0000000100000000)
  eden space 21504K, 100% used [0x00000000d5580000,0x00000000d6a80000,0x00000000d6a80000)
  from space 1024K, 75% used [0x00000000d6d00000,0x00000000d6dc0010,0x00000000d6e00000)
  to   space 1024K, 0% used [0x00000000d6e00000,0x00000000d6e00000,0x00000000d6f00000)
 ParOldGen       total 68608K, used 40814K [0x0000000080000000, 0x0000000084300000, 0x00000000d5580000)
  object space 68608K, 59% used [0x0000000080000000,0x00000000827dbb18,0x0000000084300000)
 Metaspace       used 64833K, committed 66368K, reserved 1114112K
  class space    used 8217K, committed 8896K, reserved 1048576K
}
Event: 222.441 GC heap after
{Heap after GC invocations=45 (full 3):
 PSYoungGen      total 22016K, used 320K [0x00000000d5580000, 0x00000000d6e80000, 0x0000000100000000)
  eden space 21504K, 0% used [0x00000000d5580000,0x00000000d5580000,0x00000000d6a80000)
  from space 512K, 62% used [0x00000000d6e00000,0x00000000d6e50000,0x00000000d6e80000)
  to   space 512K, 0% used [0x00000000d6d80000,0x00000000d6d80000,0x00000000d6e00000)
 ParOldGen       total 68608K, used 41501K [0x0000000080000000, 0x0000000084300000, 0x00000000d5580000)
  object space 68608K, 60% used [0x0000000080000000,0x00000000828876a8,0x0000000084300000)
 Metaspace       used 64833K, committed 66368K, reserved 1114112K
  class space    used 8217K, committed 8896K, reserved 1048576K
}
Event: 270.603 GC heap before
{Heap before GC invocations=46 (full 3):
 PSYoungGen      total 22016K, used 21824K [0x00000000d5580000, 0x00000000d6e80000, 0x0000000100000000)
  eden space 21504K, 100% used [0x00000000d5580000,0x00000000d6a80000,0x00000000d6a80000)
  from space 512K, 62% used [0x00000000d6e00000,0x00000000d6e50000,0x00000000d6e80000)
  to   space 512K, 0% used [0x00000000d6d80000,0x00000000d6d80000,0x00000000d6e00000)
 ParOldGen       total 68608K, used 41501K [0x0000000080000000, 0x0000000084300000, 0x00000000d5580000)
  object space 68608K, 60% used [0x0000000080000000,0x00000000828876a8,0x0000000084300000)
 Metaspace       used 64951K, committed 66432K, reserved 1114112K
  class space    used 8236K, committed 8896K, reserved 1048576K
}
Event: 270.604 GC heap after
{Heap after GC invocations=46 (full 3):
 PSYoungGen      total 22016K, used 160K [0x00000000d5580000, 0x00000000d6e80000, 0x0000000100000000)
  eden space 21504K, 0% used [0x00000000d5580000,0x00000000d5580000,0x00000000d6a80000)
  from space 512K, 31% used [0x00000000d6d80000,0x00000000d6da8000,0x00000000d6e00000)
  to   space 512K, 0% used [0x00000000d6e00000,0x00000000d6e00000,0x00000000d6e80000)
 ParOldGen       total 68608K, used 41685K [0x0000000080000000, 0x0000000084300000, 0x00000000d5580000)
  object space 68608K, 60% used [0x0000000080000000,0x00000000828b5730,0x0000000084300000)
 Metaspace       used 64951K, committed 66432K, reserved 1114112K
  class space    used 8236K, committed 8896K, reserved 1048576K
}

