# JRE version: OpenJDK Runtime Environment Temurin-21.0.10+7 (21.0.10+7) (build 21.0.10+7-LTS)
# Java VM: OpenJDK 64-Bit Server VM Temurin-21.0.10+7 (21.0.10+7-LTS, mixed mode, sharing, tiered, compressed oops, compressed class ptrs, parallel gc, windows-amd64)
GC Precious Log:
 CardTable entry size: 512
 CPUs: 4 total, 4 available
 Memory: 7996M
 Large Page Support: Disabled
 NUMA Support: Disabled
 Compressed Oops: Enabled (32-bit)
 Alignments: Space 512K, Generation 512K, Heap 2M
 Heap Min Capacity: 100M
 Heap Initial Capacity: 100M
 Heap Max Capacity: 2G
 Pre-touch: Disabled
 Parallel Workers: 4
Heap:
 PSYoungGen      total 18944K, used 4817K [0x00000000d5580000, 0x00000000d6c00000, 0x0000000100000000)
  eden space 18432K, 25% used [0x00000000d5580000,0x00000000d5a24628,0x00000000d6780000)
  from space 512K, 12% used [0x00000000d6b80000,0x00000000d6b90000,0x00000000d6c00000)
  to   space 512K, 0% used [0x00000000d6b00000,0x00000000d6b00000,0x00000000d6b80000)
 ParOldGen       total 68608K, used 46782K [0x0000000080000000, 0x0000000084300000, 0x00000000d5580000)
  object space 68608K, 68% used [0x0000000080000000,0x0000000082dafad8,0x0000000084300000)
 Metaspace       used 66251K, committed 67776K, reserved 1114112K
  class space    used 8370K, committed 9024K, reserved 1048576K
GC Heap History (20 events):
Event: 182.984 GC heap before
{Heap before GC invocations=50 (full 3):
 PSYoungGen      total 18944K, used 18560K [0x00000000d5580000, 0x00000000d6a80000, 0x0000000100000000)
  eden space 18432K, 100% used [0x00000000d5580000,0x00000000d6780000,0x00000000d6780000)
  from space 512K, 25% used [0x00000000d6a00000,0x00000000d6a20000,0x00000000d6a80000)
  to   space 512K, 0% used [0x00000000d6980000,0x00000000d6980000,0x00000000d6a00000)
 ParOldGen       total 68608K, used 42819K [0x0000000080000000, 0x0000000084300000, 0x00000000d5580000)
  object space 68608K, 62% used [0x0000000080000000,0x00000000829d0d20,0x0000000084300000)
 Metaspace       used 64673K, committed 66176K, reserved 1114112K
  class space    used 8204K, committed 8896K, reserved 1048576K
}
Event: 182.986 GC heap after
{Heap after GC invocations=50 (full 3):
 PSYoungGen      total 18944K, used 96K [0x00000000d5580000, 0x00000000d6a80000, 0x0000000100000000)
  eden space 18432K, 0% used [0x00000000d5580000,0x00000000d5580000,0x00000000d6780000)
  from space 512K, 18% used [0x00000000d6980000,0x00000000d6998000,0x00000000d6a00000)
  to   space 512K, 0% used [0x00000000d6a00000,0x00000000d6a00000,0x00000000d6a80000)
 ParOldGen       total 68608K, used 42859K [0x0000000080000000, 0x0000000084300000, 0x00000000d5580000)
  object space 68608K, 62% used [0x0000000080000000,0x00000000829dad20,0x0000000084300000)
 Metaspace       used 64673K, committed 66176K, reserved 1114112K
  class space    used 8204K, committed 8896K, reserved 1048576K
}
Event: 184.507 GC heap before
{Heap before GC invocations=51 (full 3):
 PSYoungGen      total 18944K, used 18528K [0x00000000d5580000, 0x00000000d6a80000, 0x0000000100000000)
  eden space 18432K, 100% used [0x00000000d5580000,0x00000000d6780000,0x00000000d6780000)
  from space 512K, 18% used [0x00000000d6980000,0x00000000d6998000,0x00000000d6a00000)
  to   space 512K, 0% used [0x00000000d6a00000,0x00000000d6a00000,0x00000000d6a80000)
 ParOldGen       total 68608K, used 42859K [0x0000000080000000, 0x0000000084300000, 0x00000000d5580000)
  object space 68608K, 62% used [0x0000000080000000,0x00000000829dad20,0x0000000084300000)
 Metaspace       used 64673K, committed 66176K, reserved 1114112K
  class space    used 8204K, committed 8896K, reserved 1048576K
}
Event: 184.509 GC heap after
{Heap after GC invocations=51 (full 3):
 PSYoungGen      total 18944K, used 128K [0x00000000d5580000, 0x00000000d6a80000, 0x0000000100000000)
  eden space 18432K, 0% used [0x00000000d5580000,0x00000000d5580000,0x00000000d6780000)
  from space 512K, 25% used [0x00000000d6a00000,0x00000000d6a20000,0x00000000d6a80000)
  to   space 512K, 0% used [0x00000000d6980000,0x00000000d6980000,0x00000000d6a00000)
 ParOldGen       total 68608K, used 42883K [0x0000000080000000, 0x0000000084300000, 0x00000000d5580000)
  object space 68608K, 62% used [0x0000000080000000,0x00000000829e0d20,0x0000000084300000)
 Metaspace       used 64673K, committed 66176K, reserved 1114112K
  class space    used 8204K, committed 8896K, reserved 1048576K
}
Event: 204.919 GC heap before
{Heap before GC invocations=52 (full 3):
 PSYoungGen      total 18944K, used 18560K [0x00000000d5580000, 0x00000000d6a80000, 0x0000000100000000)
  eden space 18432K, 100% used [0x00000000d5580000,0x00000000d6780000,0x00000000d6780000)
  from space 512K, 25% used [0x00000000d6a00000,0x00000000d6a20000,0x00000000d6a80000)
  to   space 512K, 0% used [0x00000000d6980000,0x00000000d6980000,0x00000000d6a00000)
 ParOldGen       total 68608K, used 42883K [0x0000000080000000, 0x0000000084300000, 0x00000000d5580000)
  object space 68608K, 62% used [0x0000000080000000,0x00000000829e0d20,0x0000000084300000)
 Metaspace       used 64901K, committed 66368K, reserved 1114112K
  class space    used 8236K, committed 8896K, reserved 1048576K
}
Event: 204.922 GC heap after
{Heap after GC invocations=52 (full 3):
 PSYoungGen      total 18944K, used 240K [0x00000000d5580000, 0x00000000d6a80000, 0x0000000100000000)
  eden space 18432K, 0% used [0x00000000d5580000,0x00000000d5580000,0x00000000d6780000)
  from space 512K, 46% used [0x00000000d6980000,0x00000000d69bc010,0x00000000d6a00000)
  to   space 512K, 0% used [0x00000000d6a00000,0x00000000d6a00000,0x00000000d6a80000)
 ParOldGen       total 68608K, used 42899K [0x0000000080000000, 0x0000000084300000, 0x00000000d5580000)
  object space 68608K, 62% used [0x0000000080000000,0x00000000829e4d20,0x0000000084300000)
 Metaspace       used 64901K, committed 66368K, reserved 1114112K
  class space    used 8236K, committed 8896K, reserved 1048576K
}
Event: 215.414 GC heap before
{Heap before GC invocations=53 (full 3):
 PSYoungGen      total 18944K, used 18672K [0x00000000d5580000, 0x00000000d6a80000, 0x0000000100000000)
  eden space 18432K, 100% used [0x00000000d5580000,0x00000000d6780000,0x00000000d6780000)
  from space 512K, 46% used [0x00000000d6980000,0x00000000d69bc010,0x00000000d6a00000)
  to   space 512K, 0% used [0x00000000d6a00000,0x00000000d6a00000,0x00000000d6a80000)
 ParOldGen       total 68608K, used 42899K [0x0000000080000000, 0x0000000084300000, 0x00000000d5580000)
  object space 68608K, 62% used [0x0000000080000000,0x00000000829e4d20,0x0000000084300000)
 Metaspace       used 64936K, committed 66368K, reserved 1114112K
  class space    used 8237K, committed 8896K, reserved 1048576K
}
Event: 215.415 GC heap after
{Heap after GC invocations=53 (full 3):
 PSYoungGen      total 18944K, used 128K [0x00000000d5580000, 0x00000000d6a80000, 0x0000000100000000)
  eden space 18432K, 0% used [0x00000000d5580000,0x00000000d5580000,0x00000000d6780000)
  from space 512K, 25% used [0x00000000d6a00000,0x00000000d6a20000,0x00000000d6a80000)
  to   space 512K, 0% used [0x00000000d6980000,0x00000000d6980000,0x00000000d6a00000)
 ParOldGen       total 68608K, used 42995K [0x0000000080000000, 0x0000000084300000, 0x00000000d5580000)
  object space 68608K, 62% used [0x0000000080000000,0x00000000829fcda8,0x0000000084300000)
 Metaspace       used 64936K, committed 66368K, reserved 1114112K
  class space    used 8237K, committed 8896K, reserved 1048576K
}
Event: 216.587 GC heap before
{Heap before GC invocations=54 (full 3):
 PSYoungGen      total 18944K, used 18560K [0x00000000d5580000, 0x00000000d6a80000, 0x0000000100000000)
  eden space 18432K, 100% used [0x00000000d5580000,0x00000000d6780000,0x00000000d6780000)
  from space 512K, 25% used [0x00000000d6a00000,0x00000000d6a20000,0x00000000d6a80000)
  to   space 512K, 0% used [0x00000000d6980000,0x00000000d6980000,0x00000000d6a00000)
 ParOldGen       total 68608K, used 42995K [0x0000000080000000, 0x0000000084300000, 0x00000000d5580000)
  object space 68608K, 62% used [0x0000000080000000,0x00000000829fcda8,0x0000000084300000)
 Metaspace       used 65539K, committed 67008K, reserved 1114112K
  class space    used 8306K, committed 8960K, reserved 1048576K
}
Event: 216.589 GC heap after
{Heap after GC invocations=54 (full 3):
 PSYoungGen      total 18944K, used 440K [0x00000000d5580000, 0x00000000d6a80000, 0x0000000100000000)
  eden space 18432K, 0% used [0x00000000d5580000,0x00000000d5580000,0x00000000d6780000)
  from space 512K, 86% used [0x00000000d6980000,0x00000000d69ee1a8,0x00000000d6a00000)
  to   space 512K, 0% used [0x00000000d6a00000,0x00000000d6a00000,0x00000000d6a80000)
 ParOldGen       total 68608K, used 43027K [0x0000000080000000, 0x0000000084300000, 0x00000000d5580000)
  object space 68608K, 62% used [0x0000000080000000,0x0000000082a04da8,0x0000000084300000)
 Metaspace       used 65539K, committed 67008K, reserved 1114112K
  class space    used 8306K, committed 8960K, reserved 1048576K
}
Event: 250.250 GC heap before
{Heap before GC invocations=55 (full 3):
 PSYoungGen      total 18944K, used 18872K [0x00000000d5580000, 0x00000000d6a80000, 0x0000000100000000)
  eden space 18432K, 99% used [0x00000000d5580000,0x00000000d677fff8,0x00000000d6780000)
  from space 512K, 86% used [0x00000000d6980000,0x00000000d69ee1a8,0x00000000d6a00000)
  to   space 512K, 0% used [0x00000000d6a00000,0x00000000d6a00000,0x00000000d6a80000)
 ParOldGen       total 68608K, used 43027K [0x0000000080000000, 0x0000000084300000, 0x00000000d5580000)
  object space 68608K, 62% used [0x0000000080000000,0x0000000082a04da8,0x0000000084300000)
 Metaspace       used 65741K, committed 67200K, reserved 1114112K
  class space    used 8317K, committed 8960K, reserved 1048576K
}
Event: 250.252 GC heap after
{Heap after GC invocations=55 (full 3):
 PSYoungGen      total 18944K, used 352K [0x00000000d5580000, 0x00000000d6a80000, 0x0000000100000000)
  eden space 18432K, 0% used [0x00000000d5580000,0x00000000d5580000,0x00000000d6780000)
  from space 512K, 68% used [0x00000000d6a00000,0x00000000d6a58000,0x00000000d6a80000)
  to   space 512K, 0% used [0x00000000d6980000,0x00000000d6980000,0x00000000d6a00000)
 ParOldGen       total 68608K, used 43390K [0x0000000080000000, 0x0000000084300000, 0x00000000d5580000)
  object space 68608K, 63% used [0x0000000080000000,0x0000000082a5f8b8,0x0000000084300000)
 Metaspace       used 65741K, committed 67200K, reserved 1114112K
  class space    used 8317K, committed 8960K, reserved 1048576K
}
Event: 261.078 GC heap before
{Heap before GC invocations=56 (full 3):
 PSYoungGen      total 18944K, used 18783K [0x00000000d5580000, 0x00000000d6a80000, 0x0000000100000000)
  eden space 18432K, 99% used [0x00000000d5580000,0x00000000d677fe98,0x00000000d6780000)
  from space 512K, 68% used [0x00000000d6a00000,0x00000000d6a58000,0x00000000d6a80000)
  to   space 512K, 0% used [0x00000000d6980000,0x00000000d6980000,0x00000000d6a00000)
 ParOldGen       total 68608K, used 43390K [0x0000000080000000, 0x0000000084300000, 0x00000000d5580000)
  object space 68608K, 63% used [0x0000000080000000,0x0000000082a5f8b8,0x0000000084300000)
 Metaspace       used 66042K, committed 67584K, reserved 1114112K
  class space    used 8358K, committed 9024K, reserved 1048576K
}
Event: 261.086 GC heap after
{Heap after GC invocations=56 (full 3):
 PSYoungGen      total 18944K, used 506K [0x00000000d5580000, 0x00000000d6f80000, 0x0000000100000000)
  eden space 18432K, 0% used [0x00000000d5580000,0x00000000d5580000,0x00000000d6780000)
  from space 512K, 98% used [0x00000000d6980000,0x00000000d69feae8,0x00000000d6a00000)
  to   space 4096K, 0% used [0x00000000d6b80000,0x00000000d6b80000,0x00000000d6f80000)
 ParOldGen       total 68608K, used 46167K [0x0000000080000000, 0x0000000084300000, 0x00000000d5580000)
  object space 68608K, 67% used [0x0000000080000000,0x0000000082d15c80,0x0000000084300000)
 Metaspace       used 66042K, committed 67584K, reserved 1114112K
  class space    used 8358K, committed 9024K, reserved 1048576K
}
Event: 277.986 GC heap before
{Heap before GC invocations=57 (full 3):
 PSYoungGen      total 18944K, used 18938K [0x00000000d5580000, 0x00000000d6f80000, 0x0000000100000000)
  eden space 18432K, 100% used [0x00000000d5580000,0x00000000d6780000,0x00000000d6780000)
  from space 512K, 98% used [0x00000000d6980000,0x00000000d69feae8,0x00000000d6a00000)
  to   space 4096K, 0% used [0x00000000d6b80000,0x00000000d6b80000,0x00000000d6f80000)
 ParOldGen       total 68608K, used 46167K [0x0000000080000000, 0x0000000084300000, 0x00000000d5580000)
  object space 68608K, 67% used [0x0000000080000000,0x0000000082d15c80,0x0000000084300000)
 Metaspace       used 66251K, committed 67776K, reserved 1114112K
  class space    used 8370K, committed 9024K, reserved 1048576K
}
Event: 277.987 GC heap after
{Heap after GC invocations=57 (full 3):
 PSYoungGen      total 18944K, used 160K [0x00000000d5580000, 0x00000000d6c00000, 0x0000000100000000)
  eden space 18432K, 0% used [0x00000000d5580000,0x00000000d5580000,0x00000000d6780000)
  from space 512K, 31% used [0x00000000d6b80000,0x00000000d6ba8000,0x00000000d6c00000)
  to   space 1536K, 0% used [0x00000000d6900000,0x00000000d6900000,0x00000000d6a80000)
 ParOldGen       total 68608K, used 46682K [0x0000000080000000, 0x0000000084300000, 0x00000000d5580000)
  object space 68608K, 68% used [0x0000000080000000,0x0000000082d96ac8,0x0000000084300000)
 Metaspace       used 66251K, committed 67776K, reserved 1114112K
  class space    used 8370K, committed 9024K, reserved 1048576K
}
Event: 279.183 GC heap before
{Heap before GC invocations=58 (full 3):
 PSYoungGen      total 18944K, used 18592K [0x00000000d5580000, 0x00000000d6c00000, 0x0000000100000000)
  eden space 18432K, 100% used [0x00000000d5580000,0x00000000d6780000,0x00000000d6780000)
  from space 512K, 31% used [0x00000000d6b80000,0x00000000d6ba8000,0x00000000d6c00000)
  to   space 1536K, 0% used [0x00000000d6900000,0x00000000d6900000,0x00000000d6a80000)
 ParOldGen       total 68608K, used 46682K [0x0000000080000000, 0x0000000084300000, 0x00000000d5580000)
  object space 68608K, 68% used [0x0000000080000000,0x0000000082d96ac8,0x0000000084300000)
 Metaspace       used 66251K, committed 67776K, reserved 1114112K
  class space    used 8370K, committed 9024K, reserved 1048576K
}
Event: 279.185 GC heap after
{Heap after GC invocations=58 (full 3):
 PSYoungGen      total 19968K, used 64K [0x00000000d5580000, 0x00000000d6c00000, 0x0000000100000000)
  eden space 18432K, 0% used [0x00000000d5580000,0x00000000d5580000,0x00000000d6780000)
  from space 1536K, 4% used [0x00000000d6900000,0x00000000d6910000,0x00000000d6a80000)
  to   space 512K, 0% used [0x00000000d6b80000,0x00000000d6b80000,0x00000000d6c00000)
 ParOldGen       total 68608K, used 46782K [0x0000000080000000, 0x0000000084300000, 0x00000000d5580000)
  object space 68608K, 68% used [0x0000000080000000,0x0000000082dafad8,0x0000000084300000)
 Metaspace       used 66251K, committed 67776K, reserved 1114112K
  class space    used 8370K, committed 9024K, reserved 1048576K
}
Event: 279.972 GC heap before
{Heap before GC invocations=59 (full 3):
 PSYoungGen      total 19968K, used 18496K [0x00000000d5580000, 0x00000000d6c00000, 0x0000000100000000)
  eden space 18432K, 100% used [0x00000000d5580000,0x00000000d6780000,0x00000000d6780000)
  from space 1536K, 4% used [0x00000000d6900000,0x00000000d6910000,0x00000000d6a80000)
  to   space 512K, 0% used [0x00000000d6b80000,0x00000000d6b80000,0x00000000d6c00000)
 ParOldGen       total 68608K, used 46782K [0x0000000080000000, 0x0000000084300000, 0x00000000d5580000)
  object space 68608K, 68% used [0x0000000080000000,0x0000000082dafad8,0x0000000084300000)
 Metaspace       used 66251K, committed 67776K, reserved 1114112K
  class space    used 8370K, committed 9024K, reserved 1048576K
}
Event: 279.973 GC heap after
{Heap after GC invocations=59 (full 3):
 PSYoungGen      total 18944K, used 64K [0x00000000d5580000, 0x00000000d6c00000, 0x0000000100000000)
  eden space 18432K, 0% used [0x00000000d5580000,0x00000000d5580000,0x00000000d6780000)
  from space 512K, 12% used [0x00000000d6b80000,0x00000000d6b90000,0x00000000d6c00000)
  to   space 512K, 0% used [0x00000000d6b00000,0x00000000d6b00000,0x00000000d6b80000)
 ParOldGen       total 68608K, used 46782K [0x0000000080000000, 0x0000000084300000, 0x00000000d5580000)
  object space 68608K, 68% used [0x0000000080000000,0x0000000082dafad8,0x0000000084300000)
 Metaspace       used 66251K, committed 67776K, reserved 1114112K
  class space    used 8370K, committed 9024K, reserved 1048576K
}

