# JRE version: OpenJDK Runtime Environment Temurin-21.0.10+7 (21.0.10+7) (build 21.0.10+7-LTS)
# Java VM: OpenJDK 64-Bit Server VM Temurin-21.0.10+7 (21.0.10+7-LTS, mixed mode, sharing, tiered, compressed oops, compressed class ptrs, parallel gc, windows-amd64)
GC Precious Log:
 CardTable entry size: 512
 CPUs: 4 total, 4 available
 Memory: 7996M
 Large Page Support: Disabled
 NUMA Support: Disabled
 Compressed Oops: Enabled (32-bit)
 Alignments: Space 512K, Generation 512K, Heap 2M
 Heap Min Capacity: 100M
 Heap Initial Capacity: 100M
 Heap Max Capacity: 2G
 Pre-touch: Disabled
 Parallel Workers: 4
Heap:
 PSYoungGen      total 21504K, used 15796K [0x00000000d5580000, 0x00000000d6e00000, 0x0000000100000000)
  eden space 20480K, 74% used [0x00000000d5580000,0x00000000d6462eb0,0x00000000d6980000)
  from space 1024K, 53% used [0x00000000d6d00000,0x00000000d6d8a1b8,0x00000000d6e00000)
  to   space 1536K, 0% used [0x00000000d6b00000,0x00000000d6b00000,0x00000000d6c80000)
 ParOldGen       total 68608K, used 47103K [0x0000000080000000, 0x0000000084300000, 0x00000000d5580000)
  object space 68608K, 68% used [0x0000000080000000,0x0000000082dfff80,0x0000000084300000)
 Metaspace       used 66160K, committed 67648K, reserved 1114112K
  class space    used 8355K, committed 8960K, reserved 1048576K
GC Heap History (20 events):
Event: 33.608 GC heap before
{Heap before GC invocations=44 (full 3):
 PSYoungGen      total 21504K, used 21088K [0x00000000d5580000, 0x00000000d6e80000, 0x0000000100000000)
  eden space 20480K, 100% used [0x00000000d5580000,0x00000000d6980000,0x00000000d6980000)
  from space 1024K, 59% used [0x00000000d6d80000,0x00000000d6e18000,0x00000000d6e80000)
  to   space 1024K, 0% used [0x00000000d6c80000,0x00000000d6c80000,0x00000000d6d80000)
 ParOldGen       total 68608K, used 40397K [0x0000000080000000, 0x0000000084300000, 0x00000000d5580000)
  object space 68608K, 58% used [0x0000000080000000,0x00000000827736f0,0x0000000084300000)
 Metaspace       used 63642K, committed 65024K, reserved 1114112K
  class space    used 8087K, committed 8640K, reserved 1048576K
}
Event: 33.615 GC heap after
{Heap after GC invocations=44 (full 3):
 PSYoungGen      total 21504K, used 992K [0x00000000d5580000, 0x00000000d6e00000, 0x0000000100000000)
  eden space 20480K, 0% used [0x00000000d5580000,0x00000000d5580000,0x00000000d6980000)
  from space 1024K, 96% used [0x00000000d6c80000,0x00000000d6d78010,0x00000000d6d80000)
  to   space 512K, 0% used [0x00000000d6d80000,0x00000000d6d80000,0x00000000d6e00000)
 ParOldGen       total 68608K, used 40901K [0x0000000080000000, 0x0000000084300000, 0x00000000d5580000)
  object space 68608K, 59% used [0x0000000080000000,0x00000000827f1710,0x0000000084300000)
 Metaspace       used 63642K, committed 65024K, reserved 1114112K
  class space    used 8087K, committed 8640K, reserved 1048576K
}
Event: 69.080 GC heap before
{Heap before GC invocations=45 (full 3):
 PSYoungGen      total 21504K, used 21472K [0x00000000d5580000, 0x00000000d6e00000, 0x0000000100000000)
  eden space 20480K, 100% used [0x00000000d5580000,0x00000000d6980000,0x00000000d6980000)
  from space 1024K, 96% used [0x00000000d6c80000,0x00000000d6d78010,0x00000000d6d80000)
  to   space 512K, 0% used [0x00000000d6d80000,0x00000000d6d80000,0x00000000d6e00000)
 ParOldGen       total 68608K, used 40901K [0x0000000080000000, 0x0000000084300000, 0x00000000d5580000)
  object space 68608K, 59% used [0x0000000080000000,0x00000000827f1710,0x0000000084300000)
 Metaspace       used 64490K, committed 65920K, reserved 1114112K
  class space    used 8170K, committed 8768K, reserved 1048576K
}
Event: 69.084 GC heap after
{Heap after GC invocations=45 (full 3):
 PSYoungGen      total 20992K, used 448K [0x00000000d5580000, 0x00000000d6e00000, 0x0000000100000000)
  eden space 20480K, 0% used [0x00000000d5580000,0x00000000d5580000,0x00000000d6980000)
  from space 512K, 87% used [0x00000000d6d80000,0x00000000d6df0000,0x00000000d6e00000)
  to   space 1024K, 0% used [0x00000000d6c00000,0x00000000d6c00000,0x00000000d6d00000)
 ParOldGen       total 68608K, used 41849K [0x0000000080000000, 0x0000000084300000, 0x00000000d5580000)
  object space 68608K, 60% used [0x0000000080000000,0x00000000828de7c8,0x0000000084300000)
 Metaspace       used 64490K, committed 65920K, reserved 1114112K
  class space    used 8170K, committed 8768K, reserved 1048576K
}
Event: 92.428 GC heap before
{Heap before GC invocations=46 (full 3):
 PSYoungGen      total 20992K, used 20638K [0x00000000d5580000, 0x00000000d6e00000, 0x0000000100000000)
  eden space 20480K, 98% used [0x00000000d5580000,0x00000000d6937988,0x00000000d6980000)
  from space 512K, 87% used [0x00000000d6d80000,0x00000000d6df0000,0x00000000d6e00000)
  to   space 1024K, 0% used [0x00000000d6c00000,0x00000000d6c00000,0x00000000d6d00000)
 ParOldGen       total 68608K, used 41849K [0x0000000080000000, 0x0000000084300000, 0x00000000d5580000)
  object space 68608K, 60% used [0x0000000080000000,0x00000000828de7c8,0x0000000084300000)
 Metaspace       used 64839K, committed 66304K, reserved 1114112K
  class space    used 8224K, committed 8832K, reserved 1048576K
}
Event: 92.431 GC heap after
{Heap after GC invocations=46 (full 3):
 PSYoungGen      total 21504K, used 731K [0x00000000d5580000, 0x00000000d6e00000, 0x0000000100000000)
  eden space 20480K, 0% used [0x00000000d5580000,0x00000000d5580000,0x00000000d6980000)
  from space 1024K, 71% used [0x00000000d6c00000,0x00000000d6cb6e98,0x00000000d6d00000)
  to   space 1024K, 0% used [0x00000000d6d00000,0x00000000d6d00000,0x00000000d6e00000)
 ParOldGen       total 68608K, used 42193K [0x0000000080000000, 0x0000000084300000, 0x00000000d5580000)
  object space 68608K, 61% used [0x0000000080000000,0x00000000829347e8,0x0000000084300000)
 Metaspace       used 64839K, committed 66304K, reserved 1114112K
  class space    used 8224K, committed 8832K, reserved 1048576K
}
Event: 95.548 GC heap before
{Heap before GC invocations=47 (full 3):
 PSYoungGen      total 21504K, used 21211K [0x00000000d5580000, 0x00000000d6e00000, 0x0000000100000000)
  eden space 20480K, 100% used [0x00000000d5580000,0x00000000d6980000,0x00000000d6980000)
  from space 1024K, 71% used [0x00000000d6c00000,0x00000000d6cb6e98,0x00000000d6d00000)
  to   space 1024K, 0% used [0x00000000d6d00000,0x00000000d6d00000,0x00000000d6e00000)
 ParOldGen       total 68608K, used 42193K [0x0000000080000000, 0x0000000084300000, 0x00000000d5580000)
  object space 68608K, 61% used [0x0000000080000000,0x00000000829347e8,0x0000000084300000)
 Metaspace       used 65125K, committed 66624K, reserved 1114112K
  class space    used 8258K, committed 8896K, reserved 1048576K
}
Event: 95.551 GC heap after
{Heap after GC invocations=47 (full 3):
 PSYoungGen      total 21504K, used 711K [0x00000000d5580000, 0x00000000d6e00000, 0x0000000100000000)
  eden space 20480K, 0% used [0x00000000d5580000,0x00000000d5580000,0x00000000d6980000)
  from space 1024K, 69% used [0x00000000d6d00000,0x00000000d6db1d68,0x00000000d6e00000)
  to   space 1024K, 0% used [0x00000000d6c00000,0x00000000d6c00000,0x00000000d6d00000)
 ParOldGen       total 68608K, used 43926K [0x0000000080000000, 0x0000000084300000, 0x00000000d5580000)
  object space 68608K, 64% used [0x0000000080000000,0x0000000082ae5818,0x0000000084300000)
 Metaspace       used 65125K, committed 66624K, reserved 1114112K
  class space    used 8258K, committed 8896K, reserved 1048576K
}
Event: 180.342 GC heap before
{Heap before GC invocations=48 (full 3):
 PSYoungGen      total 21504K, used 21191K [0x00000000d5580000, 0x00000000d6e00000, 0x0000000100000000)
  eden space 20480K, 100% used [0x00000000d5580000,0x00000000d6980000,0x00000000d6980000)
  from space 1024K, 69% used [0x00000000d6d00000,0x00000000d6db1d68,0x00000000d6e00000)
  to   space 1024K, 0% used [0x00000000d6c00000,0x00000000d6c00000,0x00000000d6d00000)
 ParOldGen       total 68608K, used 43926K [0x0000000080000000, 0x0000000084300000, 0x00000000d5580000)
  object space 68608K, 64% used [0x0000000080000000,0x0000000082ae5818,0x0000000084300000)
 Metaspace       used 65162K, committed 66624K, reserved 1114112K
  class space    used 8258K, committed 8896K, reserved 1048576K
}
Event: 180.353 GC heap after
{Heap after GC invocations=48 (full 3):
 PSYoungGen      total 21504K, used 128K [0x00000000d5580000, 0x00000000d6d80000, 0x0000000100000000)
  eden space 20480K, 0% used [0x00000000d5580000,0x00000000d5580000,0x00000000d6980000)
  from space 1024K, 12% used [0x00000000d6c00000,0x00000000d6c20000,0x00000000d6d00000)
  to   space 512K, 0% used [0x00000000d6d00000,0x00000000d6d00000,0x00000000d6d80000)
 ParOldGen       total 68608K, used 44597K [0x0000000080000000, 0x0000000084300000, 0x00000000d5580000)
  object space 68608K, 65% used [0x0000000080000000,0x0000000082b8d5b0,0x0000000084300000)
 Metaspace       used 65162K, committed 66624K, reserved 1114112K
  class space    used 8258K, committed 8896K, reserved 1048576K
}
Event: 183.643 GC heap before
{Heap before GC invocations=49 (full 3):
 PSYoungGen      total 21504K, used 20608K [0x00000000d5580000, 0x00000000d6d80000, 0x0000000100000000)
  eden space 20480K, 100% used [0x00000000d5580000,0x00000000d6980000,0x00000000d6980000)
  from space 1024K, 12% used [0x00000000d6c00000,0x00000000d6c20000,0x00000000d6d00000)
  to   space 512K, 0% used [0x00000000d6d00000,0x00000000d6d00000,0x00000000d6d80000)
 ParOldGen       total 68608K, used 44597K [0x0000000080000000, 0x0000000084300000, 0x00000000d5580000)
  object space 68608K, 65% used [0x0000000080000000,0x0000000082b8d5b0,0x0000000084300000)
 Metaspace       used 65162K, committed 66624K, reserved 1114112K
  class space    used 8258K, committed 8896K, reserved 1048576K
}
Event: 183.646 GC heap after
{Heap after GC invocations=49 (full 3):
 PSYoungGen      total 20992K, used 128K [0x00000000d5580000, 0x00000000d6d80000, 0x0000000100000000)
  eden space 20480K, 0% used [0x00000000d5580000,0x00000000d5580000,0x00000000d6980000)
  from space 512K, 25% used [0x00000000d6d00000,0x00000000d6d20000,0x00000000d6d80000)
  to   space 512K, 0% used [0x00000000d6c80000,0x00000000d6c80000,0x00000000d6d00000)
 ParOldGen       total 68608K, used 44621K [0x0000000080000000, 0x0000000084300000, 0x00000000d5580000)
  object space 68608K, 65% used [0x0000000080000000,0x0000000082b935b0,0x0000000084300000)
 Metaspace       used 65162K, committed 66624K, reserved 1114112K
  class space    used 8258K, committed 8896K, reserved 1048576K
}
Event: 187.082 GC heap before
{Heap before GC invocations=50 (full 3):
 PSYoungGen      total 20992K, used 20608K [0x00000000d5580000, 0x00000000d6d80000, 0x0000000100000000)
  eden space 20480K, 100% used [0x00000000d5580000,0x00000000d6980000,0x00000000d6980000)
  from space 512K, 25% used [0x00000000d6d00000,0x00000000d6d20000,0x00000000d6d80000)
  to   space 512K, 0% used [0x00000000d6c80000,0x00000000d6c80000,0x00000000d6d00000)
 ParOldGen       total 68608K, used 44621K [0x0000000080000000, 0x0000000084300000, 0x00000000d5580000)
  object space 68608K, 65% used [0x0000000080000000,0x0000000082b935b0,0x0000000084300000)
 Metaspace       used 65171K, committed 66624K, reserved 1114112K
  class space    used 8258K, committed 8896K, reserved 1048576K
}
Event: 187.084 GC heap after
{Heap after GC invocations=50 (full 3):
 PSYoungGen      total 20992K, used 64K [0x00000000d5580000, 0x00000000d6d80000, 0x0000000100000000)
  eden space 20480K, 0% used [0x00000000d5580000,0x00000000d5580000,0x00000000d6980000)
  from space 512K, 12% used [0x00000000d6c80000,0x00000000d6c90000,0x00000000d6d00000)
  to   space 512K, 0% used [0x00000000d6d00000,0x00000000d6d00000,0x00000000d6d80000)
 ParOldGen       total 68608K, used 44637K [0x0000000080000000, 0x0000000084300000, 0x00000000d5580000)
  object space 68608K, 65% used [0x0000000080000000,0x0000000082b975b0,0x0000000084300000)
 Metaspace       used 65171K, committed 66624K, reserved 1114112K
  class space    used 8258K, committed 8896K, reserved 1048576K
}
Event: 203.996 GC heap before
{Heap before GC invocations=51 (full 3):
 PSYoungGen      total 20992K, used 20544K [0x00000000d5580000, 0x00000000d6d80000, 0x0000000100000000)
  eden space 20480K, 100% used [0x00000000d5580000,0x00000000d6980000,0x00000000d6980000)
  from space 512K, 12% used [0x00000000d6c80000,0x00000000d6c90000,0x00000000d6d00000)
  to   space 512K, 0% used [0x00000000d6d00000,0x00000000d6d00000,0x00000000d6d80000)
 ParOldGen       total 68608K, used 44637K [0x0000000080000000, 0x0000000084300000, 0x00000000d5580000)
  object space 68608K, 65% used [0x0000000080000000,0x0000000082b975b0,0x0000000084300000)
 Metaspace       used 65174K, committed 66624K, reserved 1114112K
  class space    used 8258K, committed 8896K, reserved 1048576K
}
Event: 203.997 GC heap after
{Heap after GC invocations=51 (full 3):
 PSYoungGen      total 20992K, used 96K [0x00000000d5580000, 0x00000000d6d80000, 0x0000000100000000)
  eden space 20480K, 0% used [0x00000000d5580000,0x00000000d5580000,0x00000000d6980000)
  from space 512K, 18% used [0x00000000d6d00000,0x00000000d6d18000,0x00000000d6d80000)
  to   space 512K, 0% used [0x00000000d6c80000,0x00000000d6c80000,0x00000000d6d00000)
 ParOldGen       total 68608K, used 44653K [0x0000000080000000, 0x0000000084300000, 0x00000000d5580000)
  object space 68608K, 65% used [0x0000000080000000,0x0000000082b9b5b0,0x0000000084300000)
 Metaspace       used 65174K, committed 66624K, reserved 1114112K
  class space    used 8258K, committed 8896K, reserved 1048576K
}
Event: 211.844 GC heap before
{Heap before GC invocations=52 (full 3):
 PSYoungGen      total 20992K, used 20575K [0x00000000d5580000, 0x00000000d6d80000, 0x0000000100000000)
  eden space 20480K, 99% used [0x00000000d5580000,0x00000000d697ffb8,0x00000000d6980000)
  from space 512K, 18% used [0x00000000d6d00000,0x00000000d6d18000,0x00000000d6d80000)
  to   space 512K, 0% used [0x00000000d6c80000,0x00000000d6c80000,0x00000000d6d00000)
 ParOldGen       total 68608K, used 44653K [0x0000000080000000, 0x0000000084300000, 0x00000000d5580000)
  object space 68608K, 65% used [0x0000000080000000,0x0000000082b9b5b0,0x0000000084300000)
 Metaspace       used 65481K, committed 66944K, reserved 1114112K
  class space    used 8280K, committed 8896K, reserved 1048576K
}
Event: 211.847 GC heap after
{Heap after GC invocations=52 (full 3):
 PSYoungGen      total 20992K, used 488K [0x00000000d5580000, 0x00000000d6f80000, 0x0000000100000000)
  eden space 20480K, 0% used [0x00000000d5580000,0x00000000d5580000,0x00000000d6980000)
  from space 512K, 95% used [0x00000000d6c80000,0x00000000d6cfa018,0x00000000d6d00000)
  to   space 2560K, 0% used [0x00000000d6d00000,0x00000000d6d00000,0x00000000d6f80000)
 ParOldGen       total 68608K, used 46635K [0x0000000080000000, 0x0000000084300000, 0x00000000d5580000)
  object space 68608K, 67% used [0x0000000080000000,0x0000000082d8aea0,0x0000000084300000)
 Metaspace       used 65481K, committed 66944K, reserved 1114112K
  class space    used 8280K, committed 8896K, reserved 1048576K
}
Event: 217.790 GC heap before
{Heap before GC invocations=53 (full 3):
 PSYoungGen      total 20992K, used 20968K [0x00000000d5580000, 0x00000000d6f80000, 0x0000000100000000)
  eden space 20480K, 100% used [0x00000000d5580000,0x00000000d6980000,0x00000000d6980000)
  from space 512K, 95% used [0x00000000d6c80000,0x00000000d6cfa018,0x00000000d6d00000)
  to   space 2560K, 0% used [0x00000000d6d00000,0x00000000d6d00000,0x00000000d6f80000)
 ParOldGen       total 68608K, used 46635K [0x0000000080000000, 0x0000000084300000, 0x00000000d5580000)
  object space 68608K, 67% used [0x0000000080000000,0x0000000082d8aea0,0x0000000084300000)
 Metaspace       used 66158K, committed 67648K, reserved 1114112K
  class space    used 8355K, committed 8960K, reserved 1048576K
}
Event: 217.793 GC heap after
{Heap after GC invocations=53 (full 3):
 PSYoungGen      total 21504K, used 552K [0x00000000d5580000, 0x00000000d6e00000, 0x0000000100000000)
  eden space 20480K, 0% used [0x00000000d5580000,0x00000000d5580000,0x00000000d6980000)
  from space 1024K, 53% used [0x00000000d6d00000,0x00000000d6d8a1b8,0x00000000d6e00000)
  to   space 1536K, 0% used [0x00000000d6b00000,0x00000000d6b00000,0x00000000d6c80000)
 ParOldGen       total 68608K, used 47103K [0x0000000080000000, 0x0000000084300000, 0x00000000d5580000)
  object space 68608K, 68% used [0x0000000080000000,0x0000000082dfff80,0x0000000084300000)
 Metaspace       used 66158K, committed 67648K, reserved 1114112K
  class space    used 8355K, committed 8960K, reserved 1048576K
}

