# JRE version: Java(TM) SE Runtime Environment (23.0.1+11) (build 23.0.1+11-39)
# Java VM: Java HotSpot(TM) 64-Bit Server VM (23.0.1+11-39, mixed mode, sharing, tiered, compressed oops, compressed class ptrs, g1 gc, windows-amd64)
GC Precious Log:
 CardTable entry size: 512
 Card Set container configuration: InlinePtr #cards 4 size 8 Array Of Cards #cards 32 size 80 Howl #buckets 8 coarsen threshold 7372 Howl Bitmap #cards 1024 size 144 coarsen threshold 921 Card regions per heap region 1 cards per card region 8192
 CPUs: 4 total, 4 available
 Memory: 7996M
 Large Page Support: Disabled
 NUMA Support: Disabled
 Compressed Oops: Enabled (Zero based)
 Heap Region Size: 4M
 Heap Min Capacity: 8M
 Heap Initial Capacity: 128M
 Heap Max Capacity: 8G
 Pre-touch: Disabled
 Parallel Workers: 4
 Concurrent Workers: 1
 Concurrent Refinement Workers: 4
 Periodic GC: Disabled
Heap:
 garbage-first heap   total reserved 8388608K, committed 98304K, used 48429K [0x0000000600000000, 0x0000000800000000)
  region size 4096K, 4 young (16384K), 2 survivors (8192K)
 Metaspace       used 54145K, committed 56000K, reserved 1114112K
  class space    used 7920K, committed 8768K, reserved 1048576K
GC Heap History (20 events):
Event: 30.130 GC heap before
{Heap before GC invocations=6 (full 0):
 garbage-first heap   total reserved 8388608K, committed 131072K, used 25367K [0x0000000600000000, 0x0000000800000000)
  region size 4096K, 2 young (8192K), 1 survivors (4096K)
 Metaspace       used 20890K, committed 21504K, reserved 1114112K
  class space    used 3100K, committed 3392K, reserved 1048576K
}
Event: 30.140 GC heap after
{Heap after GC invocations=7 (full 0):
 garbage-first heap   total reserved 8388608K, committed 131072K, used 25117K [0x0000000600000000, 0x0000000800000000)
  region size 4096K, 1 young (4096K), 1 survivors (4096K)
 Metaspace       used 20890K, committed 21504K, reserved 1114112K
  class space    used 3100K, committed 3392K, reserved 1048576K
}
Event: 39.131 GC heap before
{Heap before GC invocations=8 (full 0):
 garbage-first heap   total reserved 8388608K, committed 98304K, used 78365K [0x0000000600000000, 0x0000000800000000)
  region size 4096K, 14 young (57344K), 1 survivors (4096K)
 Metaspace       used 27509K, committed 28480K, reserved 1114112K
  class space    used 4149K, committed 4608K, reserved 1048576K
}
Event: 39.153 GC heap after
{Heap after GC invocations=9 (full 0):
 garbage-first heap   total reserved 8388608K, committed 98304K, used 29855K [0x0000000600000000, 0x0000000800000000)
  region size 4096K, 2 young (8192K), 2 survivors (8192K)
 Metaspace       used 27509K, committed 28480K, reserved 1114112K
  class space    used 4149K, committed 4608K, reserved 1048576K
}
Event: 45.275 GC heap before
{Heap before GC invocations=9 (full 0):
 garbage-first heap   total reserved 8388608K, committed 98304K, used 66719K [0x0000000600000000, 0x0000000800000000)
  region size 4096K, 13 young (53248K), 2 survivors (8192K)
 Metaspace       used 34955K, committed 35968K, reserved 1114112K
  class space    used 5083K, committed 5568K, reserved 1048576K
}
Event: 45.306 GC heap after
{Heap after GC invocations=10 (full 0):
 garbage-first heap   total reserved 8388608K, committed 98304K, used 33688K [0x0000000600000000, 0x0000000800000000)
  region size 4096K, 1 young (4096K), 1 survivors (4096K)
 Metaspace       used 34955K, committed 35968K, reserved 1114112K
  class space    used 5083K, committed 5568K, reserved 1048576K
}
Event: 50.033 GC heap before
{Heap before GC invocations=11 (full 0):
 garbage-first heap   total reserved 8388608K, committed 98304K, used 74648K [0x0000000600000000, 0x0000000800000000)
  region size 4096K, 12 young (49152K), 1 survivors (4096K)
 Metaspace       used 37847K, committed 38976K, reserved 1114112K
  class space    used 5391K, committed 5952K, reserved 1048576K
}
Event: 50.051 GC heap after
{Heap after GC invocations=12 (full 0):
 garbage-first heap   total reserved 8388608K, committed 98304K, used 38519K [0x0000000600000000, 0x0000000800000000)
  region size 4096K, 2 young (8192K), 2 survivors (8192K)
 Metaspace       used 37847K, committed 38976K, reserved 1114112K
  class space    used 5391K, committed 5952K, reserved 1048576K
}
Event: 52.874 GC heap before
{Heap before GC invocations=12 (full 0):
 garbage-first heap   total reserved 8388608K, committed 98304K, used 71287K [0x0000000600000000, 0x0000000800000000)
  region size 4096K, 11 young (45056K), 2 survivors (8192K)
 Metaspace       used 40749K, committed 41984K, reserved 1114112K
  class space    used 5706K, committed 6272K, reserved 1048576K
}
Event: 52.895 GC heap after
{Heap after GC invocations=13 (full 0):
 garbage-first heap   total reserved 8388608K, committed 98304K, used 39087K [0x0000000600000000, 0x0000000800000000)
  region size 4096K, 2 young (8192K), 2 survivors (8192K)
 Metaspace       used 40749K, committed 41984K, reserved 1114112K
  class space    used 5706K, committed 6272K, reserved 1048576K
}
Event: 56.981 GC heap before
{Heap before GC invocations=13 (full 0):
 garbage-first heap   total reserved 8388608K, committed 98304K, used 75951K [0x0000000600000000, 0x0000000800000000)
  region size 4096K, 11 young (45056K), 2 survivors (8192K)
 Metaspace       used 43571K, committed 45056K, reserved 1114112K
  class space    used 6193K, committed 6912K, reserved 1048576K
}
Event: 57.013 GC heap after
{Heap after GC invocations=14 (full 0):
 garbage-first heap   total reserved 8388608K, committed 98304K, used 41087K [0x0000000600000000, 0x0000000800000000)
  region size 4096K, 1 young (4096K), 1 survivors (4096K)
 Metaspace       used 43571K, committed 45056K, reserved 1114112K
  class space    used 6193K, committed 6912K, reserved 1048576K
}
Event: 62.826 GC heap before
{Heap before GC invocations=14 (full 0):
 garbage-first heap   total reserved 8388608K, committed 98304K, used 82047K [0x0000000600000000, 0x0000000800000000)
  region size 4096K, 11 young (45056K), 1 survivors (4096K)
 Metaspace       used 46587K, committed 48256K, reserved 1114112K
  class space    used 6711K, committed 7488K, reserved 1048576K
}
Event: 62.840 GC heap after
{Heap after GC invocations=15 (full 0):
 garbage-first heap   total reserved 8388608K, committed 98304K, used 42306K [0x0000000600000000, 0x0000000800000000)
  region size 4096K, 2 young (8192K), 2 survivors (8192K)
 Metaspace       used 46587K, committed 48256K, reserved 1114112K
  class space    used 6711K, committed 7488K, reserved 1048576K
}
Event: 70.167 GC heap before
{Heap before GC invocations=15 (full 0):
 garbage-first heap   total reserved 8388608K, committed 98304K, used 75074K [0x0000000600000000, 0x0000000800000000)
  region size 4096K, 10 young (40960K), 2 survivors (8192K)
 Metaspace       used 48555K, committed 50304K, reserved 1114112K
  class space    used 7046K, committed 7872K, reserved 1048576K
}
Event: 70.190 GC heap after
{Heap after GC invocations=16 (full 0):
 garbage-first heap   total reserved 8388608K, committed 98304K, used 44928K [0x0000000600000000, 0x0000000800000000)
  region size 4096K, 2 young (8192K), 2 survivors (8192K)
 Metaspace       used 48555K, committed 50304K, reserved 1114112K
  class space    used 7046K, committed 7872K, reserved 1048576K
}
Event: 78.260 GC heap before
{Heap before GC invocations=16 (full 0):
 garbage-first heap   total reserved 8388608K, committed 98304K, used 77696K [0x0000000600000000, 0x0000000800000000)
  region size 4096K, 10 young (40960K), 2 survivors (8192K)
 Metaspace       used 51420K, committed 53248K, reserved 1114112K
  class space    used 7523K, committed 8384K, reserved 1048576K
}
Event: 78.276 GC heap after
{Heap after GC invocations=17 (full 0):
 garbage-first heap   total reserved 8388608K, committed 98304K, used 46156K [0x0000000600000000, 0x0000000800000000)
  region size 4096K, 2 young (8192K), 2 survivors (8192K)
 Metaspace       used 51420K, committed 53248K, reserved 1114112K
  class space    used 7523K, committed 8384K, reserved 1048576K
}
Event: 82.932 GC heap before
{Heap before GC invocations=17 (full 0):
 garbage-first heap   total reserved 8388608K, committed 98304K, used 74828K [0x0000000600000000, 0x0000000800000000)
  region size 4096K, 10 young (40960K), 2 survivors (8192K)
 Metaspace       used 54002K, committed 55872K, reserved 1114112K
  class space    used 7920K, committed 8768K, reserved 1048576K
}
Event: 82.954 GC heap after
{Heap after GC invocations=18 (full 0):
 garbage-first heap   total reserved 8388608K, committed 98304K, used 48429K [0x0000000600000000, 0x0000000800000000)
  region size 4096K, 2 young (8192K), 2 survivors (8192K)
 Metaspace       used 54002K, committed 55872K, reserved 1114112K
  class space    used 7920K, committed 8768K, reserved 1048576K
}

