# JRE version: Java(TM) SE Runtime Environment (23.0.1+11) (build 23.0.1+11-39)
# Java VM: Java HotSpot(TM) 64-Bit Server VM (23.0.1+11-39, mixed mode, sharing, tiered, compressed oops, compressed class ptrs, g1 gc, windows-amd64)
GC Precious Log:
 CardTable entry size: 512
 Card Set container configuration: InlinePtr #cards 4 size 8 Array Of Cards #cards 32 size 80 Howl #buckets 8 coarsen threshold 7372 Howl Bitmap #cards 1024 size 144 coarsen threshold 921 Card regions per heap region 1 cards per card region 8192
 CPUs: 4 total, 4 available
 Memory: 7996M
 Large Page Support: Disabled
 NUMA Support: Disabled
 Compressed Oops: Enabled (Zero based)
 Heap Region Size: 4M
 Heap Min Capacity: 8M
 Heap Initial Capacity: 128M
 Heap Max Capacity: 8G
 Pre-touch: Disabled
 Parallel Workers: 4
 Concurrent Workers: 1
 Concurrent Refinement Workers: 4
 Periodic GC: Disabled
Heap:
 garbage-first heap   total reserved 8388608K, committed 143360K, used 85114K [0x0000000600000000, 0x0000000800000000)
  region size 4096K, 7 young (28672K), 2 survivors (8192K)
 Metaspace       used 73994K, committed 76160K, reserved 1114112K
  class space    used 10959K, committed 11968K, reserved 1048576K
GC Heap History (20 events):
Event: 13.217 GC heap before
{Heap before GC invocations=13 (full 0):
 garbage-first heap   total reserved 8388608K, committed 118784K, used 94112K [0x0000000600000000, 0x0000000800000000)
  region size 4096K, 15 young (61440K), 1 survivors (4096K)
 Metaspace       used 44089K, committed 45760K, reserved 1114112K
  class space    used 6413K, committed 7232K, reserved 1048576K
}
Event: 13.230 GC heap after
{Heap after GC invocations=14 (full 0):
 garbage-first heap   total reserved 8388608K, committed 118784K, used 38592K [0x0000000600000000, 0x0000000800000000)
  region size 4096K, 2 young (8192K), 2 survivors (8192K)
 Metaspace       used 44089K, committed 45760K, reserved 1114112K
  class space    used 6413K, committed 7232K, reserved 1048576K
}
Event: 15.036 GC heap before
{Heap before GC invocations=14 (full 0):
 garbage-first heap   total reserved 8388608K, committed 118784K, used 95936K [0x0000000600000000, 0x0000000800000000)
  region size 4096K, 16 young (65536K), 2 survivors (8192K)
 Metaspace       used 48472K, committed 50240K, reserved 1114112K
  class space    used 7167K, committed 8000K, reserved 1048576K
}
Event: 15.053 GC heap after
{Heap after GC invocations=15 (full 0):
 garbage-first heap   total reserved 8388608K, committed 118784K, used 41672K [0x0000000600000000, 0x0000000800000000)
  region size 4096K, 2 young (8192K), 2 survivors (8192K)
 Metaspace       used 48472K, committed 50240K, reserved 1114112K
  class space    used 7167K, committed 8000K, reserved 1048576K
}
Event: 17.611 GC heap before
{Heap before GC invocations=15 (full 0):
 garbage-first heap   total reserved 8388608K, committed 118784K, used 94920K [0x0000000600000000, 0x0000000800000000)
  region size 4096K, 16 young (65536K), 2 survivors (8192K)
 Metaspace       used 52582K, committed 54400K, reserved 1114112K
  class space    used 7778K, committed 8640K, reserved 1048576K
}
Event: 17.629 GC heap after
{Heap after GC invocations=16 (full 0):
 garbage-first heap   total reserved 8388608K, committed 118784K, used 44816K [0x0000000600000000, 0x0000000800000000)
  region size 4096K, 2 young (8192K), 2 survivors (8192K)
 Metaspace       used 52582K, committed 54400K, reserved 1114112K
  class space    used 7778K, committed 8640K, reserved 1048576K
}
Event: 18.916 GC heap before
{Heap before GC invocations=16 (full 0):
 garbage-first heap   total reserved 8388608K, committed 118784K, used 98064K [0x0000000600000000, 0x0000000800000000)
  region size 4096K, 15 young (61440K), 2 survivors (8192K)
 Metaspace       used 58232K, committed 60224K, reserved 1114112K
  class space    used 8609K, committed 9536K, reserved 1048576K
}
Event: 18.937 GC heap after
{Heap after GC invocations=17 (full 0):
 garbage-first heap   total reserved 8388608K, committed 118784K, used 54073K [0x0000000600000000, 0x0000000800000000)
  region size 4096K, 2 young (8192K), 2 survivors (8192K)
 Metaspace       used 58232K, committed 60224K, reserved 1114112K
  class space    used 8609K, committed 9536K, reserved 1048576K
}
Event: 19.013 GC heap before
{Heap before GC invocations=17 (full 0):
 garbage-first heap   total reserved 8388608K, committed 118784K, used 54073K [0x0000000600000000, 0x0000000800000000)
  region size 4096K, 3 young (12288K), 2 survivors (8192K)
 Metaspace       used 58653K, committed 60608K, reserved 1114112K
  class space    used 8659K, committed 9600K, reserved 1048576K
}
Event: 19.028 GC heap after
{Heap after GC invocations=18 (full 0):
 garbage-first heap   total reserved 8388608K, committed 118784K, used 56421K [0x0000000600000000, 0x0000000800000000)
  region size 4096K, 1 young (4096K), 1 survivors (4096K)
 Metaspace       used 58653K, committed 60608K, reserved 1114112K
  class space    used 8659K, committed 9600K, reserved 1048576K
}
Event: 20.242 GC heap before
{Heap before GC invocations=19 (full 0):
 garbage-first heap   total reserved 8388608K, committed 118784K, used 101477K [0x0000000600000000, 0x0000000800000000)
  region size 4096K, 12 young (49152K), 1 survivors (4096K)
 Metaspace       used 63206K, committed 65216K, reserved 1114112K
  class space    used 9281K, committed 10240K, reserved 1048576K
}
Event: 20.248 GC heap after
{Heap after GC invocations=20 (full 0):
 garbage-first heap   total reserved 8388608K, committed 118784K, used 57119K [0x0000000600000000, 0x0000000800000000)
  region size 4096K, 1 young (4096K), 1 survivors (4096K)
 Metaspace       used 63206K, committed 65216K, reserved 1114112K
  class space    used 9281K, committed 10240K, reserved 1048576K
}
Event: 21.119 GC heap before
{Heap before GC invocations=20 (full 0):
 garbage-first heap   total reserved 8388608K, committed 118784K, used 106271K [0x0000000600000000, 0x0000000800000000)
  region size 4096K, 12 young (49152K), 1 survivors (4096K)
 Metaspace       used 66042K, committed 68032K, reserved 1114112K
  class space    used 9682K, committed 10624K, reserved 1048576K
}
Event: 21.136 GC heap after
{Heap after GC invocations=21 (full 0):
 garbage-first heap   total reserved 8388608K, committed 118784K, used 62832K [0x0000000600000000, 0x0000000800000000)
  region size 4096K, 1 young (4096K), 1 survivors (4096K)
 Metaspace       used 66042K, committed 68032K, reserved 1114112K
  class space    used 9682K, committed 10624K, reserved 1048576K
}
Event: 22.298 GC heap before
{Heap before GC invocations=21 (full 0):
 garbage-first heap   total reserved 8388608K, committed 118784K, used 103792K [0x0000000600000000, 0x0000000800000000)
  region size 4096K, 11 young (45056K), 1 survivors (4096K)
 Metaspace       used 68328K, committed 70400K, reserved 1114112K
  class space    used 10024K, committed 11008K, reserved 1048576K
}
Event: 22.316 GC heap after
{Heap after GC invocations=22 (full 0):
 garbage-first heap   total reserved 8388608K, committed 118784K, used 64920K [0x0000000600000000, 0x0000000800000000)
  region size 4096K, 2 young (8192K), 2 survivors (8192K)
 Metaspace       used 68328K, committed 70400K, reserved 1114112K
  class space    used 10024K, committed 11008K, reserved 1048576K
}
Event: 23.517 GC heap before
{Heap before GC invocations=23 (full 0):
 garbage-first heap   total reserved 8388608K, committed 118784K, used 97688K [0x0000000600000000, 0x0000000800000000)
  region size 4096K, 10 young (40960K), 2 survivors (8192K)
 Metaspace       used 70441K, committed 72576K, reserved 1114112K
  class space    used 10324K, committed 11392K, reserved 1048576K
}
Event: 23.533 GC heap after
{Heap after GC invocations=24 (full 0):
 garbage-first heap   total reserved 8388608K, committed 118784K, used 67245K [0x0000000600000000, 0x0000000800000000)
  region size 4096K, 2 young (8192K), 2 survivors (8192K)
 Metaspace       used 70441K, committed 72576K, reserved 1114112K
  class space    used 10324K, committed 11392K, reserved 1048576K
}
Event: 24.949 GC heap before
{Heap before GC invocations=24 (full 0):
 garbage-first heap   total reserved 8388608K, committed 118784K, used 100013K [0x0000000600000000, 0x0000000800000000)
  region size 4096K, 10 young (40960K), 2 survivors (8192K)
 Metaspace       used 73210K, committed 75328K, reserved 1114112K
  class space    used 10834K, committed 11840K, reserved 1048576K
}
Event: 24.969 GC heap after
{Heap after GC invocations=25 (full 0):
 garbage-first heap   total reserved 8388608K, committed 143360K, used 68730K [0x0000000600000000, 0x0000000800000000)
  region size 4096K, 2 young (8192K), 2 survivors (8192K)
 Metaspace       used 73210K, committed 75328K, reserved 1114112K
  class space    used 10834K, committed 11840K, reserved 1048576K
}

