# JRE version: Java(TM) SE Runtime Environment (23.0.1+11) (build 23.0.1+11-39)
# Java VM: Java HotSpot(TM) 64-Bit Server VM (23.0.1+11-39, mixed mode, sharing, tiered, compressed oops, compressed class ptrs, g1 gc, windows-amd64)
GC Precious Log:
 CardTable entry size: 512
 Card Set container configuration: InlinePtr #cards 4 size 8 Array Of Cards #cards 32 size 80 Howl #buckets 8 coarsen threshold 7372 Howl Bitmap #cards 1024 size 144 coarsen threshold 921 Card regions per heap region 1 cards per card region 8192
 CPUs: 4 total, 4 available
 Memory: 7996M
 Large Page Support: Disabled
 NUMA Support: Disabled
 Compressed Oops: Enabled (Zero based)
 Heap Region Size: 4M
 Heap Min Capacity: 8M
 Heap Initial Capacity: 128M
 Heap Max Capacity: 8G
 Pre-touch: Disabled
 Parallel Workers: 4
 Concurrent Workers: 1
 Concurrent Refinement Workers: 4
 Periodic GC: Disabled
Heap:
 garbage-first heap   total reserved 8388608K, committed 118784K, used 72787K [0x0000000600000000, 0x0000000800000000)
  region size 4096K, 4 young (16384K), 2 survivors (8192K)
 Metaspace       used 73355K, committed 75584K, reserved 1114112K
  class space    used 10846K, committed 11904K, reserved 1048576K
GC Heap History (20 events):
Event: 17.710 GC heap before
{Heap before GC invocations=13 (full 0):
 garbage-first heap   total reserved 8388608K, committed 98304K, used 76591K [0x0000000600000000, 0x0000000800000000)
  region size 4096K, 11 young (45056K), 1 survivors (4096K)
 Metaspace       used 42045K, committed 43648K, reserved 1114112K
  class space    used 6078K, committed 6848K, reserved 1048576K
}
Event: 17.729 GC heap after
{Heap after GC invocations=14 (full 0):
 garbage-first heap   total reserved 8388608K, committed 98304K, used 37519K [0x0000000600000000, 0x0000000800000000)
  region size 4096K, 2 young (8192K), 2 survivors (8192K)
 Metaspace       used 42045K, committed 43648K, reserved 1114112K
  class space    used 6078K, committed 6848K, reserved 1048576K
}
Event: 19.271 GC heap before
{Heap before GC invocations=14 (full 0):
 garbage-first heap   total reserved 8388608K, committed 98304K, used 78479K [0x0000000600000000, 0x0000000800000000)
  region size 4096K, 12 young (49152K), 2 survivors (8192K)
 Metaspace       used 44423K, committed 46080K, reserved 1114112K
  class space    used 6465K, committed 7232K, reserved 1048576K
}
Event: 19.290 GC heap after
{Heap after GC invocations=15 (full 0):
 garbage-first heap   total reserved 8388608K, committed 118784K, used 38861K [0x0000000600000000, 0x0000000800000000)
  region size 4096K, 2 young (8192K), 2 survivors (8192K)
 Metaspace       used 44423K, committed 46080K, reserved 1114112K
  class space    used 6465K, committed 7232K, reserved 1048576K
}
Event: 47.978 GC heap before
{Heap before GC invocations=15 (full 0):
 garbage-first heap   total reserved 8388608K, committed 118784K, used 96205K [0x0000000600000000, 0x0000000800000000)
  region size 4096K, 16 young (65536K), 2 survivors (8192K)
 Metaspace       used 49967K, committed 51776K, reserved 1114112K
  class space    used 7407K, committed 8256K, reserved 1048576K
}
Event: 47.996 GC heap after
{Heap after GC invocations=16 (full 0):
 garbage-first heap   total reserved 8388608K, committed 118784K, used 41898K [0x0000000600000000, 0x0000000800000000)
  region size 4096K, 2 young (8192K), 2 survivors (8192K)
 Metaspace       used 49967K, committed 51776K, reserved 1114112K
  class space    used 7407K, committed 8256K, reserved 1048576K
}
Event: 67.295 GC heap before
{Heap before GC invocations=16 (full 0):
 garbage-first heap   total reserved 8388608K, committed 118784K, used 99242K [0x0000000600000000, 0x0000000800000000)
  region size 4096K, 16 young (65536K), 2 survivors (8192K)
 Metaspace       used 54672K, committed 56576K, reserved 1114112K
  class space    used 8071K, committed 8960K, reserved 1048576K
}
Event: 67.320 GC heap after
{Heap after GC invocations=17 (full 0):
 garbage-first heap   total reserved 8388608K, committed 118784K, used 45757K [0x0000000600000000, 0x0000000800000000)
  region size 4096K, 2 young (8192K), 2 survivors (8192K)
 Metaspace       used 54672K, committed 56576K, reserved 1114112K
  class space    used 8071K, committed 8960K, reserved 1048576K
}
Event: 73.586 GC heap before
{Heap before GC invocations=17 (full 0):
 garbage-first heap   total reserved 8388608K, committed 118784K, used 90813K [0x0000000600000000, 0x0000000800000000)
  region size 4096K, 14 young (57344K), 2 survivors (8192K)
 Metaspace       used 58859K, committed 60800K, reserved 1114112K
  class space    used 8688K, committed 9600K, reserved 1048576K
}
Event: 73.608 GC heap after
{Heap after GC invocations=18 (full 0):
 garbage-first heap   total reserved 8388608K, committed 118784K, used 54522K [0x0000000600000000, 0x0000000800000000)
  region size 4096K, 2 young (8192K), 2 survivors (8192K)
 Metaspace       used 58859K, committed 60800K, reserved 1114112K
  class space    used 8688K, committed 9600K, reserved 1048576K
}
Event: 82.889 GC heap before
{Heap before GC invocations=19 (full 0):
 garbage-first heap   total reserved 8388608K, committed 118784K, used 99578K [0x0000000600000000, 0x0000000800000000)
  region size 4096K, 13 young (53248K), 2 survivors (8192K)
 Metaspace       used 63383K, committed 65408K, reserved 1114112K
  class space    used 9289K, committed 10240K, reserved 1048576K
}
Event: 82.906 GC heap after
{Heap after GC invocations=20 (full 0):
 garbage-first heap   total reserved 8388608K, committed 118784K, used 58561K [0x0000000600000000, 0x0000000800000000)
  region size 4096K, 1 young (4096K), 1 survivors (4096K)
 Metaspace       used 63383K, committed 65408K, reserved 1114112K
  class space    used 9289K, committed 10240K, reserved 1048576K
}
Event: 88.698 GC heap before
{Heap before GC invocations=20 (full 0):
 garbage-first heap   total reserved 8388608K, committed 118784K, used 107713K [0x0000000600000000, 0x0000000800000000)
  region size 4096K, 12 young (49152K), 1 survivors (4096K)
 Metaspace       used 66202K, committed 68224K, reserved 1114112K
  class space    used 9697K, committed 10624K, reserved 1048576K
}
Event: 88.719 GC heap after
{Heap after GC invocations=21 (full 0):
 garbage-first heap   total reserved 8388608K, committed 118784K, used 63620K [0x0000000600000000, 0x0000000800000000)
  region size 4096K, 1 young (4096K), 1 survivors (4096K)
 Metaspace       used 66202K, committed 68224K, reserved 1114112K
  class space    used 9697K, committed 10624K, reserved 1048576K
}
Event: 94.513 GC heap before
{Heap before GC invocations=21 (full 0):
 garbage-first heap   total reserved 8388608K, committed 118784K, used 100484K [0x0000000600000000, 0x0000000800000000)
  region size 4096K, 11 young (45056K), 1 survivors (4096K)
 Metaspace       used 68493K, committed 70528K, reserved 1114112K
  class space    used 10036K, committed 11008K, reserved 1048576K
}
Event: 94.528 GC heap after
{Heap after GC invocations=22 (full 0):
 garbage-first heap   total reserved 8388608K, committed 118784K, used 65655K [0x0000000600000000, 0x0000000800000000)
  region size 4096K, 2 young (8192K), 2 survivors (8192K)
 Metaspace       used 68493K, committed 70528K, reserved 1114112K
  class space    used 10036K, committed 11008K, reserved 1048576K
}
Event: 99.577 GC heap before
{Heap before GC invocations=23 (full 0):
 garbage-first heap   total reserved 8388608K, committed 118784K, used 98423K [0x0000000600000000, 0x0000000800000000)
  region size 4096K, 10 young (40960K), 2 survivors (8192K)
 Metaspace       used 70663K, committed 72832K, reserved 1114112K
  class space    used 10339K, committed 11392K, reserved 1048576K
}
Event: 99.601 GC heap after
{Heap after GC invocations=24 (full 0):
 garbage-first heap   total reserved 8388608K, committed 118784K, used 68277K [0x0000000600000000, 0x0000000800000000)
  region size 4096K, 2 young (8192K), 2 survivors (8192K)
 Metaspace       used 70663K, committed 72832K, reserved 1114112K
  class space    used 10339K, committed 11392K, reserved 1048576K
}
Event: 106.882 GC heap before
{Heap before GC invocations=24 (full 0):
 garbage-first heap   total reserved 8388608K, committed 118784K, used 96949K [0x0000000600000000, 0x0000000800000000)
  region size 4096K, 9 young (36864K), 2 survivors (8192K)
 Metaspace       used 73213K, committed 75392K, reserved 1114112K
  class space    used 10822K, committed 11840K, reserved 1048576K
}
Event: 106.900 GC heap after
{Heap after GC invocations=25 (full 0):
 garbage-first heap   total reserved 8388608K, committed 118784K, used 68691K [0x0000000600000000, 0x0000000800000000)
  region size 4096K, 2 young (8192K), 2 survivors (8192K)
 Metaspace       used 73213K, committed 75392K, reserved 1114112K
  class space    used 10822K, committed 11840K, reserved 1048576K
}

