# JRE version: Java(TM) SE Runtime Environment (23.0.1+11) (build 23.0.1+11-39)
# Java VM: Java HotSpot(TM) 64-Bit Server VM (23.0.1+11-39, mixed mode, sharing, tiered, compressed oops, compressed class ptrs, g1 gc, windows-amd64)
GC Precious Log:
 CardTable entry size: 512
 Card Set container configuration: InlinePtr #cards 4 size 8 Array Of Cards #cards 32 size 80 Howl #buckets 8 coarsen threshold 7372 Howl Bitmap #cards 1024 size 144 coarsen threshold 921 Card regions per heap region 1 cards per card region 8192
 CPUs: 4 total, 4 available
 Memory: 7996M
 Large Page Support: Disabled
 NUMA Support: Disabled
 Compressed Oops: Enabled (Zero based)
 Heap Region Size: 4M
 Heap Min Capacity: 8M
 Heap Initial Capacity: 128M
 Heap Max Capacity: 8G
 Pre-touch: Disabled
 Parallel Workers: 4
 Concurrent Workers: 1
 Concurrent Refinement Workers: 4
 Periodic GC: Disabled
Heap:
 garbage-first heap   total reserved 8388608K, committed 159744K, used 105701K [0x0000000600000000, 0x0000000800000000)
  region size 4096K, 1 young (4096K), 1 survivors (4096K)
 Metaspace       used 85311K, committed 87680K, reserved 1179648K
  class space    used 12323K, committed 13440K, reserved 1048576K
GC Heap History (20 events):
Event: 31.585 GC heap after
{Heap after GC invocations=28 (full 0):
 garbage-first heap   total reserved 8388608K, committed 135168K, used 67452K [0x0000000600000000, 0x0000000800000000)
  region size 4096K, 2 young (8192K), 2 survivors (8192K)
 Metaspace       used 70546K, committed 72640K, reserved 1114112K
  class space    used 10311K, committed 11264K, reserved 1048576K
}
Event: 32.895 GC heap before
{Heap before GC invocations=28 (full 0):
 garbage-first heap   total reserved 8388608K, committed 135168K, used 104316K [0x0000000600000000, 0x0000000800000000)
  region size 4096K, 12 young (49152K), 2 survivors (8192K)
 Metaspace       used 73038K, committed 75264K, reserved 1114112K
  class space    used 10669K, committed 11712K, reserved 1048576K
}
Event: 32.910 GC heap after
{Heap after GC invocations=29 (full 0):
 garbage-first heap   total reserved 8388608K, committed 135168K, used 70098K [0x0000000600000000, 0x0000000800000000)
  region size 4096K, 2 young (8192K), 2 survivors (8192K)
 Metaspace       used 73038K, committed 75264K, reserved 1114112K
  class space    used 10669K, committed 11712K, reserved 1048576K
}
Event: 34.538 GC heap before
{Heap before GC invocations=30 (full 0):
 garbage-first heap   total reserved 8388608K, committed 135168K, used 111058K [0x0000000600000000, 0x0000000800000000)
  region size 4096K, 12 young (49152K), 2 survivors (8192K)
 Metaspace       used 75374K, committed 77632K, reserved 1114112K
  class space    used 11103K, committed 12160K, reserved 1048576K
}
Event: 34.557 GC heap after
{Heap after GC invocations=31 (full 0):
 garbage-first heap   total reserved 8388608K, committed 135168K, used 73512K [0x0000000600000000, 0x0000000800000000)
  region size 4096K, 2 young (8192K), 2 survivors (8192K)
 Metaspace       used 75374K, committed 77632K, reserved 1114112K
  class space    used 11103K, committed 12160K, reserved 1048576K
}
Event: 37.039 GC heap before
{Heap before GC invocations=31 (full 0):
 garbage-first heap   total reserved 8388608K, committed 135168K, used 110376K [0x0000000600000000, 0x0000000800000000)
  region size 4096K, 11 young (45056K), 2 survivors (8192K)
 Metaspace       used 77713K, committed 80000K, reserved 1179648K
  class space    used 11459K, committed 12544K, reserved 1048576K
}
Event: 37.057 GC heap after
{Heap after GC invocations=32 (full 0):
 garbage-first heap   total reserved 8388608K, committed 135168K, used 77128K [0x0000000600000000, 0x0000000800000000)
  region size 4096K, 2 young (8192K), 2 survivors (8192K)
 Metaspace       used 77713K, committed 80000K, reserved 1179648K
  class space    used 11459K, committed 12544K, reserved 1048576K
}
Event: 65.119 GC heap before
{Heap before GC invocations=33 (full 0):
 garbage-first heap   total reserved 8388608K, committed 139264K, used 105800K [0x0000000600000000, 0x0000000800000000)
  region size 4096K, 10 young (40960K), 2 survivors (8192K)
 Metaspace       used 80882K, committed 83264K, reserved 1179648K
  class space    used 11885K, committed 12992K, reserved 1048576K
}
Event: 65.141 GC heap after
{Heap after GC invocations=34 (full 0):
 garbage-first heap   total reserved 8388608K, committed 139264K, used 80264K [0x0000000600000000, 0x0000000800000000)
  region size 4096K, 2 young (8192K), 2 survivors (8192K)
 Metaspace       used 80882K, committed 83264K, reserved 1179648K
  class space    used 11885K, committed 12992K, reserved 1048576K
}
Event: 67.117 GC heap before
{Heap before GC invocations=34 (full 0):
 garbage-first heap   total reserved 8388608K, committed 139264K, used 113032K [0x0000000600000000, 0x0000000800000000)
  region size 4096K, 11 young (45056K), 2 survivors (8192K)
 Metaspace       used 81425K, committed 83776K, reserved 1179648K
  class space    used 11907K, committed 12992K, reserved 1048576K
}
Event: 67.134 GC heap after
{Heap after GC invocations=35 (full 0):
 garbage-first heap   total reserved 8388608K, committed 139264K, used 83769K [0x0000000600000000, 0x0000000800000000)
  region size 4096K, 2 young (8192K), 2 survivors (8192K)
 Metaspace       used 81425K, committed 83776K, reserved 1179648K
  class space    used 11907K, committed 12992K, reserved 1048576K
}
Event: 68.193 GC heap before
{Heap before GC invocations=36 (full 0):
 garbage-first heap   total reserved 8388608K, committed 143360K, used 112441K [0x0000000600000000, 0x0000000800000000)
  region size 4096K, 10 young (40960K), 2 survivors (8192K)
 Metaspace       used 81491K, committed 83840K, reserved 1179648K
  class space    used 11909K, committed 12992K, reserved 1048576K
}
Event: 68.211 GC heap after
{Heap after GC invocations=37 (full 0):
 garbage-first heap   total reserved 8388608K, committed 143360K, used 85222K [0x0000000600000000, 0x0000000800000000)
  region size 4096K, 2 young (8192K), 2 survivors (8192K)
 Metaspace       used 81491K, committed 83840K, reserved 1179648K
  class space    used 11909K, committed 12992K, reserved 1048576K
}
Event: 69.094 GC heap before
{Heap before GC invocations=37 (full 0):
 garbage-first heap   total reserved 8388608K, committed 143360K, used 117990K [0x0000000600000000, 0x0000000800000000)
  region size 4096K, 10 young (40960K), 2 survivors (8192K)
 Metaspace       used 81498K, committed 83840K, reserved 1179648K
  class space    used 11910K, committed 12992K, reserved 1048576K
}
Event: 69.106 GC heap after
{Heap after GC invocations=38 (full 0):
 garbage-first heap   total reserved 8388608K, committed 143360K, used 86710K [0x0000000600000000, 0x0000000800000000)
  region size 4096K, 1 young (4096K), 1 survivors (4096K)
 Metaspace       used 81498K, committed 83840K, reserved 1179648K
  class space    used 11910K, committed 12992K, reserved 1048576K
}
Event: 70.063 GC heap before
{Heap before GC invocations=39 (full 0):
 garbage-first heap   total reserved 8388608K, committed 151552K, used 119478K [0x0000000600000000, 0x0000000800000000)
  region size 4096K, 10 young (40960K), 1 survivors (4096K)
 Metaspace       used 81501K, committed 83840K, reserved 1179648K
  class space    used 11910K, committed 12992K, reserved 1048576K
}
Event: 70.072 GC heap after
{Heap after GC invocations=40 (full 0):
 garbage-first heap   total reserved 8388608K, committed 151552K, used 87447K [0x0000000600000000, 0x0000000800000000)
  region size 4096K, 1 young (4096K), 1 survivors (4096K)
 Metaspace       used 81501K, committed 83840K, reserved 1179648K
  class space    used 11910K, committed 12992K, reserved 1048576K
}
Event: 71.248 GC heap before
{Heap before GC invocations=40 (full 0):
 garbage-first heap   total reserved 8388608K, committed 151552K, used 128407K [0x0000000600000000, 0x0000000800000000)
  region size 4096K, 12 young (49152K), 1 survivors (4096K)
 Metaspace       used 82490K, committed 84864K, reserved 1179648K
  class space    used 12012K, committed 13120K, reserved 1048576K
}
Event: 71.267 GC heap after
{Heap after GC invocations=41 (full 0):
 garbage-first heap   total reserved 8388608K, committed 159744K, used 104005K [0x0000000600000000, 0x0000000800000000)
  region size 4096K, 2 young (8192K), 2 survivors (8192K)
 Metaspace       used 82490K, committed 84864K, reserved 1179648K
  class space    used 12012K, committed 13120K, reserved 1048576K
}
Event: 72.279 GC heap before
{Heap before GC invocations=41 (full 0):
 garbage-first heap   total reserved 8388608K, committed 159744K, used 136773K [0x0000000600000000, 0x0000000800000000)
  region size 4096K, 10 young (40960K), 2 survivors (8192K)
 Metaspace       used 85311K, committed 87680K, reserved 1179648K
  class space    used 12323K, committed 13440K, reserved 1048576K
}

