# JRE version: OpenJDK Runtime Environment Temurin-21.0.10+7 (21.0.10+7) (build 21.0.10+7-LTS)
# Java VM: OpenJDK 64-Bit Server VM Temurin-21.0.10+7 (21.0.10+7-LTS, mixed mode, sharing, tiered, compressed oops, compressed class ptrs, parallel gc, windows-amd64)
GC Precious Log:
 CardTable entry size: 512
 CPUs: 4 total, 4 available
 Memory: 7996M
 Large Page Support: Disabled
 NUMA Support: Disabled
 Compressed Oops: Enabled (32-bit)
 Alignments: Space 512K, Generation 512K, Heap 2M
 Heap Min Capacity: 100M
 Heap Initial Capacity: 100M
 Heap Max Capacity: 2G
 Pre-touch: Disabled
 Parallel Workers: 4
Heap:
 PSYoungGen      total 23040K, used 4883K [0x00000000d5580000, 0x00000000d7180000, 0x0000000100000000)
  eden space 22016K, 18% used [0x00000000d5580000,0x00000000d5974e58,0x00000000d6b00000)
  from space 1024K, 81% used [0x00000000d7080000,0x00000000d7150010,0x00000000d7180000)
  to   space 1024K, 0% used [0x00000000d6f80000,0x00000000d6f80000,0x00000000d7080000)
 ParOldGen       total 68608K, used 41027K [0x0000000080000000, 0x0000000084300000, 0x00000000d5580000)
  object space 68608K, 59% used [0x0000000080000000,0x0000000082810fc0,0x0000000084300000)
 Metaspace       used 64422K, committed 65984K, reserved 1114112K
  class space    used 8200K, committed 8896K, reserved 1048576K
GC Heap History (20 events):
Event: 52.540 GC heap before
{Heap before GC invocations=34 (full 3):
 PSYoungGen      total 22528K, used 22437K [0x00000000d5580000, 0x00000000d7180000, 0x0000000100000000)
  eden space 22016K, 100% used [0x00000000d5580000,0x00000000d6b00000,0x00000000d6b00000)
  from space 512K, 82% used [0x00000000d7100000,0x00000000d7169528,0x00000000d7180000)
  to   space 512K, 0% used [0x00000000d7080000,0x00000000d7080000,0x00000000d7100000)
 ParOldGen       total 68608K, used 39358K [0x0000000080000000, 0x0000000084300000, 0x00000000d5580000)
  object space 68608K, 57% used [0x0000000080000000,0x000000008266f9a8,0x0000000084300000)
 Metaspace       used 60464K, committed 61888K, reserved 1114112K
  class space    used 7628K, committed 8256K, reserved 1048576K
}
Event: 52.542 GC heap after
{Heap after GC invocations=34 (full 3):
 PSYoungGen      total 22528K, used 448K [0x00000000d5580000, 0x00000000d7180000, 0x0000000100000000)
  eden space 22016K, 0% used [0x00000000d5580000,0x00000000d5580000,0x00000000d6b00000)
  from space 512K, 87% used [0x00000000d7080000,0x00000000d70f0000,0x00000000d7100000)
  to   space 512K, 0% used [0x00000000d7100000,0x00000000d7100000,0x00000000d7180000)
 ParOldGen       total 68608K, used 39510K [0x0000000080000000, 0x0000000084300000, 0x00000000d5580000)
  object space 68608K, 57% used [0x0000000080000000,0x00000000826959a8,0x0000000084300000)
 Metaspace       used 60464K, committed 61888K, reserved 1114112K
  class space    used 7628K, committed 8256K, reserved 1048576K
}
Event: 54.091 GC heap before
{Heap before GC invocations=35 (full 3):
 PSYoungGen      total 22528K, used 22464K [0x00000000d5580000, 0x00000000d7180000, 0x0000000100000000)
  eden space 22016K, 100% used [0x00000000d5580000,0x00000000d6b00000,0x00000000d6b00000)
  from space 512K, 87% used [0x00000000d7080000,0x00000000d70f0000,0x00000000d7100000)
  to   space 512K, 0% used [0x00000000d7100000,0x00000000d7100000,0x00000000d7180000)
 ParOldGen       total 68608K, used 39510K [0x0000000080000000, 0x0000000084300000, 0x00000000d5580000)
  object space 68608K, 57% used [0x0000000080000000,0x00000000826959a8,0x0000000084300000)
 Metaspace       used 60464K, committed 61888K, reserved 1114112K
  class space    used 7628K, committed 8256K, reserved 1048576K
}
Event: 54.092 GC heap after
{Heap after GC invocations=35 (full 3):
 PSYoungGen      total 22528K, used 386K [0x00000000d5580000, 0x00000000d7180000, 0x0000000100000000)
  eden space 22016K, 0% used [0x00000000d5580000,0x00000000d5580000,0x00000000d6b00000)
  from space 512K, 75% used [0x00000000d7100000,0x00000000d71608c8,0x00000000d7180000)
  to   space 512K, 0% used [0x00000000d7080000,0x00000000d7080000,0x00000000d7100000)
 ParOldGen       total 68608K, used 39793K [0x0000000080000000, 0x0000000084300000, 0x00000000d5580000)
  object space 68608K, 58% used [0x0000000080000000,0x00000000826dc528,0x0000000084300000)
 Metaspace       used 60464K, committed 61888K, reserved 1114112K
  class space    used 7628K, committed 8256K, reserved 1048576K
}
Event: 55.605 GC heap before
{Heap before GC invocations=36 (full 3):
 PSYoungGen      total 22528K, used 22402K [0x00000000d5580000, 0x00000000d7180000, 0x0000000100000000)
  eden space 22016K, 100% used [0x00000000d5580000,0x00000000d6b00000,0x00000000d6b00000)
  from space 512K, 75% used [0x00000000d7100000,0x00000000d71608c8,0x00000000d7180000)
  to   space 512K, 0% used [0x00000000d7080000,0x00000000d7080000,0x00000000d7100000)
 ParOldGen       total 68608K, used 39793K [0x0000000080000000, 0x0000000084300000, 0x00000000d5580000)
  object space 68608K, 58% used [0x0000000080000000,0x00000000826dc528,0x0000000084300000)
 Metaspace       used 60464K, committed 61888K, reserved 1114112K
  class space    used 7628K, committed 8256K, reserved 1048576K
}
Event: 55.606 GC heap after
{Heap after GC invocations=36 (full 3):
 PSYoungGen      total 22528K, used 128K [0x00000000d5580000, 0x00000000d7180000, 0x0000000100000000)
  eden space 22016K, 0% used [0x00000000d5580000,0x00000000d5580000,0x00000000d6b00000)
  from space 512K, 25% used [0x00000000d7080000,0x00000000d70a0000,0x00000000d7100000)
  to   space 512K, 0% used [0x00000000d7100000,0x00000000d7100000,0x00000000d7180000)
 ParOldGen       total 68608K, used 39825K [0x0000000080000000, 0x0000000084300000, 0x00000000d5580000)
  object space 68608K, 58% used [0x0000000080000000,0x00000000826e4528,0x0000000084300000)
 Metaspace       used 60464K, committed 61888K, reserved 1114112K
  class space    used 7628K, committed 8256K, reserved 1048576K
}
Event: 56.722 GC heap before
{Heap before GC invocations=37 (full 3):
 PSYoungGen      total 22528K, used 22144K [0x00000000d5580000, 0x00000000d7180000, 0x0000000100000000)
  eden space 22016K, 100% used [0x00000000d5580000,0x00000000d6b00000,0x00000000d6b00000)
  from space 512K, 25% used [0x00000000d7080000,0x00000000d70a0000,0x00000000d7100000)
  to   space 512K, 0% used [0x00000000d7100000,0x00000000d7100000,0x00000000d7180000)
 ParOldGen       total 68608K, used 39825K [0x0000000080000000, 0x0000000084300000, 0x00000000d5580000)
  object space 68608K, 58% used [0x0000000080000000,0x00000000826e4528,0x0000000084300000)
 Metaspace       used 60464K, committed 61888K, reserved 1114112K
  class space    used 7628K, committed 8256K, reserved 1048576K
}
Event: 56.723 GC heap after
{Heap after GC invocations=37 (full 3):
 PSYoungGen      total 22528K, used 160K [0x00000000d5580000, 0x00000000d7180000, 0x0000000100000000)
  eden space 22016K, 0% used [0x00000000d5580000,0x00000000d5580000,0x00000000d6b00000)
  from space 512K, 31% used [0x00000000d7100000,0x00000000d7128000,0x00000000d7180000)
  to   space 512K, 0% used [0x00000000d7080000,0x00000000d7080000,0x00000000d7100000)
 ParOldGen       total 68608K, used 39841K [0x0000000080000000, 0x0000000084300000, 0x00000000d5580000)
  object space 68608K, 58% used [0x0000000080000000,0x00000000826e8528,0x0000000084300000)
 Metaspace       used 60464K, committed 61888K, reserved 1114112K
  class space    used 7628K, committed 8256K, reserved 1048576K
}
Event: 58.261 GC heap before
{Heap before GC invocations=38 (full 3):
 PSYoungGen      total 22528K, used 22176K [0x00000000d5580000, 0x00000000d7180000, 0x0000000100000000)
  eden space 22016K, 100% used [0x00000000d5580000,0x00000000d6b00000,0x00000000d6b00000)
  from space 512K, 31% used [0x00000000d7100000,0x00000000d7128000,0x00000000d7180000)
  to   space 512K, 0% used [0x00000000d7080000,0x00000000d7080000,0x00000000d7100000)
 ParOldGen       total 68608K, used 39841K [0x0000000080000000, 0x0000000084300000, 0x00000000d5580000)
  object space 68608K, 58% used [0x0000000080000000,0x00000000826e8528,0x0000000084300000)
 Metaspace       used 60465K, committed 61888K, reserved 1114112K
  class space    used 7628K, committed 8256K, reserved 1048576K
}
Event: 58.266 GC heap after
{Heap after GC invocations=38 (full 3):
 PSYoungGen      total 22528K, used 160K [0x00000000d5580000, 0x00000000d7180000, 0x0000000100000000)
  eden space 22016K, 0% used [0x00000000d5580000,0x00000000d5580000,0x00000000d6b00000)
  from space 512K, 31% used [0x00000000d7080000,0x00000000d70a8000,0x00000000d7100000)
  to   space 512K, 0% used [0x00000000d7100000,0x00000000d7100000,0x00000000d7180000)
 ParOldGen       total 68608K, used 39891K [0x0000000080000000, 0x0000000084300000, 0x00000000d5580000)
  object space 68608K, 58% used [0x0000000080000000,0x00000000826f4d90,0x0000000084300000)
 Metaspace       used 60465K, committed 61888K, reserved 1114112K
  class space    used 7628K, committed 8256K, reserved 1048576K
}
Event: 59.771 GC heap before
{Heap before GC invocations=39 (full 3):
 PSYoungGen      total 22528K, used 22176K [0x00000000d5580000, 0x00000000d7180000, 0x0000000100000000)
  eden space 22016K, 100% used [0x00000000d5580000,0x00000000d6b00000,0x00000000d6b00000)
  from space 512K, 31% used [0x00000000d7080000,0x00000000d70a8000,0x00000000d7100000)
  to   space 512K, 0% used [0x00000000d7100000,0x00000000d7100000,0x00000000d7180000)
 ParOldGen       total 68608K, used 39891K [0x0000000080000000, 0x0000000084300000, 0x00000000d5580000)
  object space 68608K, 58% used [0x0000000080000000,0x00000000826f4d90,0x0000000084300000)
 Metaspace       used 60467K, committed 61888K, reserved 1114112K
  class space    used 7628K, committed 8256K, reserved 1048576K
}
Event: 59.772 GC heap after
{Heap after GC invocations=39 (full 3):
 PSYoungGen      total 22528K, used 367K [0x00000000d5580000, 0x00000000d7180000, 0x0000000100000000)
  eden space 22016K, 0% used [0x00000000d5580000,0x00000000d5580000,0x00000000d6b00000)
  from space 512K, 71% used [0x00000000d7100000,0x00000000d715bcd8,0x00000000d7180000)
  to   space 512K, 0% used [0x00000000d7080000,0x00000000d7080000,0x00000000d7100000)
 ParOldGen       total 68608K, used 39947K [0x0000000080000000, 0x0000000084300000, 0x00000000d5580000)
  object space 68608K, 58% used [0x0000000080000000,0x0000000082702da0,0x0000000084300000)
 Metaspace       used 60467K, committed 61888K, reserved 1114112K
  class space    used 7628K, committed 8256K, reserved 1048576K
}
Event: 60.915 GC heap before
{Heap before GC invocations=40 (full 3):
 PSYoungGen      total 22528K, used 22383K [0x00000000d5580000, 0x00000000d7180000, 0x0000000100000000)
  eden space 22016K, 100% used [0x00000000d5580000,0x00000000d6b00000,0x00000000d6b00000)
  from space 512K, 71% used [0x00000000d7100000,0x00000000d715bcd8,0x00000000d7180000)
  to   space 512K, 0% used [0x00000000d7080000,0x00000000d7080000,0x00000000d7100000)
 ParOldGen       total 68608K, used 39947K [0x0000000080000000, 0x0000000084300000, 0x00000000d5580000)
  object space 68608K, 58% used [0x0000000080000000,0x0000000082702da0,0x0000000084300000)
 Metaspace       used 60467K, committed 61888K, reserved 1114112K
  class space    used 7628K, committed 8256K, reserved 1048576K
}
Event: 60.916 GC heap after
{Heap after GC invocations=40 (full 3):
 PSYoungGen      total 22528K, used 481K [0x00000000d5580000, 0x00000000d7180000, 0x0000000100000000)
  eden space 22016K, 0% used [0x00000000d5580000,0x00000000d5580000,0x00000000d6b00000)
  from space 512K, 94% used [0x00000000d7080000,0x00000000d70f87e0,0x00000000d7100000)
  to   space 512K, 0% used [0x00000000d7100000,0x00000000d7100000,0x00000000d7180000)
 ParOldGen       total 68608K, used 39979K [0x0000000080000000, 0x0000000084300000, 0x00000000d5580000)
  object space 68608K, 58% used [0x0000000080000000,0x000000008270ada0,0x0000000084300000)
 Metaspace       used 60467K, committed 61888K, reserved 1114112K
  class space    used 7628K, committed 8256K, reserved 1048576K
}
Event: 62.076 GC heap before
{Heap before GC invocations=41 (full 3):
 PSYoungGen      total 22528K, used 22497K [0x00000000d5580000, 0x00000000d7180000, 0x0000000100000000)
  eden space 22016K, 100% used [0x00000000d5580000,0x00000000d6b00000,0x00000000d6b00000)
  from space 512K, 94% used [0x00000000d7080000,0x00000000d70f87e0,0x00000000d7100000)
  to   space 512K, 0% used [0x00000000d7100000,0x00000000d7100000,0x00000000d7180000)
 ParOldGen       total 68608K, used 39979K [0x0000000080000000, 0x0000000084300000, 0x00000000d5580000)
  object space 68608K, 58% used [0x0000000080000000,0x000000008270ada0,0x0000000084300000)
 Metaspace       used 60467K, committed 61888K, reserved 1114112K
  class space    used 7628K, committed 8256K, reserved 1048576K
}
Event: 62.077 GC heap after
{Heap after GC invocations=41 (full 3):
 PSYoungGen      total 22528K, used 501K [0x00000000d5580000, 0x00000000d7180000, 0x0000000100000000)
  eden space 22016K, 0% used [0x00000000d5580000,0x00000000d5580000,0x00000000d6b00000)
  from space 512K, 97% used [0x00000000d7100000,0x00000000d717d600,0x00000000d7180000)
  to   space 1536K, 0% used [0x00000000d6e80000,0x00000000d6e80000,0x00000000d7000000)
 ParOldGen       total 68608K, used 40443K [0x0000000080000000, 0x0000000084300000, 0x00000000d5580000)
  object space 68608K, 58% used [0x0000000080000000,0x000000008277efa0,0x0000000084300000)
 Metaspace       used 60467K, committed 61888K, reserved 1114112K
  class space    used 7628K, committed 8256K, reserved 1048576K
}
Event: 64.671 GC heap before
{Heap before GC invocations=42 (full 3):
 PSYoungGen      total 22528K, used 22517K [0x00000000d5580000, 0x00000000d7180000, 0x0000000100000000)
  eden space 22016K, 100% used [0x00000000d5580000,0x00000000d6b00000,0x00000000d6b00000)
  from space 512K, 97% used [0x00000000d7100000,0x00000000d717d600,0x00000000d7180000)
  to   space 1536K, 0% used [0x00000000d6e80000,0x00000000d6e80000,0x00000000d7000000)
 ParOldGen       total 68608K, used 40443K [0x0000000080000000, 0x0000000084300000, 0x00000000d5580000)
  object space 68608K, 58% used [0x0000000080000000,0x000000008277efa0,0x0000000084300000)
 Metaspace       used 62416K, committed 63872K, reserved 1114112K
  class space    used 7940K, committed 8576K, reserved 1048576K
}
Event: 64.675 GC heap after
{Heap after GC invocations=42 (full 3):
 PSYoungGen      total 23552K, used 736K [0x00000000d5580000, 0x00000000d7180000, 0x0000000100000000)
  eden space 22016K, 0% used [0x00000000d5580000,0x00000000d5580000,0x00000000d6b00000)
  from space 1536K, 47% used [0x00000000d6e80000,0x00000000d6f38000,0x00000000d7000000)
  to   space 1024K, 0% used [0x00000000d7080000,0x00000000d7080000,0x00000000d7180000)
 ParOldGen       total 68608K, used 40459K [0x0000000080000000, 0x0000000084300000, 0x00000000d5580000)
  object space 68608K, 58% used [0x0000000080000000,0x0000000082782fa0,0x0000000084300000)
 Metaspace       used 62416K, committed 63872K, reserved 1114112K
  class space    used 7940K, committed 8576K, reserved 1048576K
}
Event: 84.993 GC heap before
{Heap before GC invocations=43 (full 3):
 PSYoungGen      total 23552K, used 22749K [0x00000000d5580000, 0x00000000d7180000, 0x0000000100000000)
  eden space 22016K, 99% used [0x00000000d5580000,0x00000000d6aff720,0x00000000d6b00000)
  from space 1536K, 47% used [0x00000000d6e80000,0x00000000d6f38000,0x00000000d7000000)
  to   space 1024K, 0% used [0x00000000d7080000,0x00000000d7080000,0x00000000d7180000)
 ParOldGen       total 68608K, used 40459K [0x0000000080000000, 0x0000000084300000, 0x00000000d5580000)
  object space 68608K, 58% used [0x0000000080000000,0x0000000082782fa0,0x0000000084300000)
 Metaspace       used 64396K, committed 65920K, reserved 1114112K
  class space    used 8200K, committed 8896K, reserved 1048576K
}
Event: 84.997 GC heap after
{Heap after GC invocations=43 (full 3):
 PSYoungGen      total 23040K, used 832K [0x00000000d5580000, 0x00000000d7180000, 0x0000000100000000)
  eden space 22016K, 0% used [0x00000000d5580000,0x00000000d5580000,0x00000000d6b00000)
  from space 1024K, 81% used [0x00000000d7080000,0x00000000d7150010,0x00000000d7180000)
  to   space 1024K, 0% used [0x00000000d6f80000,0x00000000d6f80000,0x00000000d7080000)
 ParOldGen       total 68608K, used 41027K [0x0000000080000000, 0x0000000084300000, 0x00000000d5580000)
  object space 68608K, 59% used [0x0000000080000000,0x0000000082810fc0,0x0000000084300000)
 Metaspace       used 64396K, committed 65920K, reserved 1114112K
  class space    used 8200K, committed 8896K, reserved 1048576K
}

