# JRE version: Java(TM) SE Runtime Environment (23.0.1+11) (build 23.0.1+11-39)
# Java VM: Java HotSpot(TM) 64-Bit Server VM (23.0.1+11-39, mixed mode, sharing, tiered, compressed oops, compressed class ptrs, g1 gc, windows-amd64)
GC Precious Log:
 CardTable entry size: 512
 Card Set container configuration: InlinePtr #cards 4 size 8 Array Of Cards #cards 32 size 80 Howl #buckets 8 coarsen threshold 7372 Howl Bitmap #cards 1024 size 144 coarsen threshold 921 Card regions per heap region 1 cards per card region 8192
 CPUs: 4 total, 4 available
 Memory: 7996M
 Large Page Support: Disabled
 NUMA Support: Disabled
 Compressed Oops: Enabled (Zero based)
 Heap Region Size: 4M
 Heap Min Capacity: 8M
 Heap Initial Capacity: 128M
 Heap Max Capacity: 8G
 Pre-touch: Disabled
 Parallel Workers: 4
 Concurrent Workers: 1
 Concurrent Refinement Workers: 4
 Periodic GC: Disabled
Heap:
 garbage-first heap   total reserved 8388608K, committed 143360K, used 91206K [0x0000000600000000, 0x0000000800000000)
  region size 4096K, 8 young (32768K), 2 survivors (8192K)
 Metaspace       used 78234K, committed 80448K, reserved 1179648K
  class space    used 11527K, committed 12608K, reserved 1048576K
GC Heap History (20 events):
Event: 14.142 GC heap before
{Heap before GC invocations=13 (full 0):
 garbage-first heap   total reserved 8388608K, committed 98304K, used 76581K [0x0000000600000000, 0x0000000800000000)
  region size 4096K, 11 young (45056K), 1 survivors (4096K)
 Metaspace       used 42125K, committed 43776K, reserved 1114112K
  class space    used 6092K, committed 6848K, reserved 1048576K
}
Event: 14.155 GC heap after
{Heap after GC invocations=14 (full 0):
 garbage-first heap   total reserved 8388608K, committed 118784K, used 38032K [0x0000000600000000, 0x0000000800000000)
  region size 4096K, 2 young (8192K), 2 survivors (8192K)
 Metaspace       used 42125K, committed 43776K, reserved 1114112K
  class space    used 6092K, committed 6848K, reserved 1048576K
}
Event: 15.916 GC heap before
{Heap before GC invocations=14 (full 0):
 garbage-first heap   total reserved 8388608K, committed 118784K, used 95376K [0x0000000600000000, 0x0000000800000000)
  region size 4096K, 16 young (65536K), 2 survivors (8192K)
 Metaspace       used 45826K, committed 47552K, reserved 1114112K
  class space    used 6711K, committed 7552K, reserved 1048576K
}
Event: 15.935 GC heap after
{Heap after GC invocations=15 (full 0):
 garbage-first heap   total reserved 8388608K, committed 118784K, used 40905K [0x0000000600000000, 0x0000000800000000)
  region size 4096K, 2 young (8192K), 2 survivors (8192K)
 Metaspace       used 45826K, committed 47552K, reserved 1114112K
  class space    used 6711K, committed 7552K, reserved 1048576K
}
Event: 19.059 GC heap before
{Heap before GC invocations=15 (full 0):
 garbage-first heap   total reserved 8388608K, committed 118784K, used 98249K [0x0000000600000000, 0x0000000800000000)
  region size 4096K, 16 young (65536K), 2 survivors (8192K)
 Metaspace       used 51016K, committed 52864K, reserved 1114112K
  class space    used 7556K, committed 8448K, reserved 1048576K
}
Event: 19.082 GC heap after
{Heap after GC invocations=16 (full 0):
 garbage-first heap   total reserved 8388608K, committed 118784K, used 43828K [0x0000000600000000, 0x0000000800000000)
  region size 4096K, 2 young (8192K), 2 survivors (8192K)
 Metaspace       used 51016K, committed 52864K, reserved 1114112K
  class space    used 7556K, committed 8448K, reserved 1048576K
}
Event: 21.488 GC heap before
{Heap before GC invocations=16 (full 0):
 garbage-first heap   total reserved 8388608K, committed 118784K, used 97076K [0x0000000600000000, 0x0000000800000000)
  region size 4096K, 15 young (61440K), 2 survivors (8192K)
 Metaspace       used 55930K, committed 57920K, reserved 1114112K
  class space    used 8286K, committed 9216K, reserved 1048576K
}
Event: 21.505 GC heap after
{Heap after GC invocations=17 (full 0):
 garbage-first heap   total reserved 8388608K, committed 118784K, used 46240K [0x0000000600000000, 0x0000000800000000)
  region size 4096K, 2 young (8192K), 2 survivors (8192K)
 Metaspace       used 55930K, committed 57920K, reserved 1114112K
  class space    used 8286K, committed 9216K, reserved 1048576K
}
Event: 22.226 GC heap before
{Heap before GC invocations=17 (full 0):
 garbage-first heap   total reserved 8388608K, committed 118784K, used 79008K [0x0000000600000000, 0x0000000800000000)
  region size 4096K, 10 young (40960K), 2 survivors (8192K)
 Metaspace       used 58900K, committed 60800K, reserved 1114112K
  class space    used 8699K, committed 9600K, reserved 1048576K
}
Event: 22.239 GC heap after
{Heap after GC invocations=18 (full 0):
 garbage-first heap   total reserved 8388608K, committed 118784K, used 55418K [0x0000000600000000, 0x0000000800000000)
  region size 4096K, 2 young (8192K), 2 survivors (8192K)
 Metaspace       used 58900K, committed 60800K, reserved 1114112K
  class space    used 8699K, committed 9600K, reserved 1048576K
}
Event: 23.337 GC heap before
{Heap before GC invocations=19 (full 0):
 garbage-first heap   total reserved 8388608K, committed 118784K, used 96378K [0x0000000600000000, 0x0000000800000000)
  region size 4096K, 12 young (49152K), 2 survivors (8192K)
 Metaspace       used 63044K, committed 65088K, reserved 1114112K
  class space    used 9256K, committed 10240K, reserved 1048576K
}
Event: 23.347 GC heap after
{Heap after GC invocations=20 (full 0):
 garbage-first heap   total reserved 8388608K, committed 118784K, used 56510K [0x0000000600000000, 0x0000000800000000)
  region size 4096K, 1 young (4096K), 1 survivors (4096K)
 Metaspace       used 63044K, committed 65088K, reserved 1114112K
  class space    used 9256K, committed 10240K, reserved 1048576K
}
Event: 24.035 GC heap before
{Heap before GC invocations=20 (full 0):
 garbage-first heap   total reserved 8388608K, committed 118784K, used 101566K [0x0000000600000000, 0x0000000800000000)
  region size 4096K, 11 young (45056K), 1 survivors (4096K)
 Metaspace       used 65703K, committed 67712K, reserved 1114112K
  class space    used 9624K, committed 10560K, reserved 1048576K
}
Event: 24.050 GC heap after
{Heap after GC invocations=21 (full 0):
 garbage-first heap   total reserved 8388608K, committed 118784K, used 61652K [0x0000000600000000, 0x0000000800000000)
  region size 4096K, 1 young (4096K), 1 survivors (4096K)
 Metaspace       used 65703K, committed 67712K, reserved 1114112K
  class space    used 9624K, committed 10560K, reserved 1048576K
}
Event: 25.303 GC heap before
{Heap before GC invocations=21 (full 0):
 garbage-first heap   total reserved 8388608K, committed 118784K, used 98516K [0x0000000600000000, 0x0000000800000000)
  region size 4096K, 11 young (45056K), 1 survivors (4096K)
 Metaspace       used 67956K, committed 70016K, reserved 1114112K
  class space    used 9960K, committed 10944K, reserved 1048576K
}
Event: 25.314 GC heap after
{Heap after GC invocations=22 (full 0):
 garbage-first heap   total reserved 8388608K, committed 143360K, used 63877K [0x0000000600000000, 0x0000000800000000)
  region size 4096K, 2 young (8192K), 2 survivors (8192K)
 Metaspace       used 67956K, committed 70016K, reserved 1114112K
  class space    used 9960K, committed 10944K, reserved 1048576K
}
Event: 27.927 GC heap before
{Heap before GC invocations=23 (full 0):
 garbage-first heap   total reserved 8388608K, committed 143360K, used 117125K [0x0000000600000000, 0x0000000800000000)
  region size 4096K, 15 young (61440K), 2 survivors (8192K)
 Metaspace       used 71651K, committed 73856K, reserved 1114112K
  class space    used 10525K, committed 11584K, reserved 1048576K
}
Event: 27.945 GC heap after
{Heap after GC invocations=24 (full 0):
 garbage-first heap   total reserved 8388608K, committed 143360K, used 67641K [0x0000000600000000, 0x0000000800000000)
  region size 4096K, 2 young (8192K), 2 survivors (8192K)
 Metaspace       used 71651K, committed 73856K, reserved 1114112K
  class space    used 10525K, committed 11584K, reserved 1048576K
}
Event: 31.005 GC heap before
{Heap before GC invocations=24 (full 0):
 garbage-first heap   total reserved 8388608K, committed 143360K, used 120889K [0x0000000600000000, 0x0000000800000000)
  region size 4096K, 15 young (61440K), 2 survivors (8192K)
 Metaspace       used 75723K, committed 77888K, reserved 1179648K
  class space    used 11155K, committed 12160K, reserved 1048576K
}
Event: 31.036 GC heap after
{Heap after GC invocations=25 (full 0):
 garbage-first heap   total reserved 8388608K, committed 143360K, used 70726K [0x0000000600000000, 0x0000000800000000)
  region size 4096K, 2 young (8192K), 2 survivors (8192K)
 Metaspace       used 75723K, committed 77888K, reserved 1179648K
  class space    used 11155K, committed 12160K, reserved 1048576K
}

