# JRE version: OpenJDK Runtime Environment Temurin-21.0.10+7 (21.0.10+7) (build 21.0.10+7-LTS)
# Java VM: OpenJDK 64-Bit Server VM Temurin-21.0.10+7 (21.0.10+7-LTS, mixed mode, sharing, tiered, compressed oops, compressed class ptrs, parallel gc, windows-amd64)
GC Precious Log:
 CardTable entry size: 512
 CPUs: 4 total, 4 available
 Memory: 7996M
 Large Page Support: Disabled
 NUMA Support: Disabled
 Compressed Oops: Enabled (32-bit)
 Alignments: Space 512K, Generation 512K, Heap 2M
 Heap Min Capacity: 100M
 Heap Initial Capacity: 100M
 Heap Max Capacity: 2G
 Pre-touch: Disabled
 Parallel Workers: 4
Heap:
 PSYoungGen      total 22528K, used 21257K [0x00000000d5580000, 0x00000000d7100000, 0x0000000100000000)
  eden space 22016K, 95% used [0x00000000d5580000,0x00000000d6a00ce0,0x00000000d6b00000)
  from space 512K, 51% used [0x00000000d7000000,0x00000000d7041a00,0x00000000d7080000)
  to   space 512K, 0% used [0x00000000d7080000,0x00000000d7080000,0x00000000d7100000)
 ParOldGen       total 68608K, used 46395K [0x0000000080000000, 0x0000000084300000, 0x00000000d5580000)
  object space 68608K, 67% used [0x0000000080000000,0x0000000082d4edf8,0x0000000084300000)
 Metaspace       used 66775K, committed 68352K, reserved 1114112K
  class space    used 8436K, committed 9152K, reserved 1048576K
GC Heap History (20 events):
Event: 255.552 GC heap before
{Heap before GC invocations=49 (full 3):
 PSYoungGen      total 22528K, used 22058K [0x00000000d5580000, 0x00000000d7200000, 0x0000000100000000)
  eden space 22016K, 99% used [0x00000000d5580000,0x00000000d6af2a60,0x00000000d6b00000)
  from space 512K, 18% used [0x00000000d7100000,0x00000000d7118000,0x00000000d7180000)
  to   space 512K, 0% used [0x00000000d7180000,0x00000000d7180000,0x00000000d7200000)
 ParOldGen       total 68608K, used 42299K [0x0000000080000000, 0x0000000084300000, 0x00000000d5580000)
  object space 68608K, 61% used [0x0000000080000000,0x000000008294ee28,0x0000000084300000)
 Metaspace       used 65313K, committed 66816K, reserved 1114112K
  class space    used 8283K, committed 8960K, reserved 1048576K
}
Event: 255.555 GC heap after
{Heap after GC invocations=49 (full 3):
 PSYoungGen      total 22528K, used 492K [0x00000000d5580000, 0x00000000d7200000, 0x0000000100000000)
  eden space 22016K, 0% used [0x00000000d5580000,0x00000000d5580000,0x00000000d6b00000)
  from space 512K, 96% used [0x00000000d7180000,0x00000000d71fb010,0x00000000d7200000)
  to   space 3584K, 0% used [0x00000000d6b00000,0x00000000d6b00000,0x00000000d6e80000)
 ParOldGen       total 68608K, used 44880K [0x0000000080000000, 0x0000000084300000, 0x00000000d5580000)
  object space 68608K, 65% used [0x0000000080000000,0x0000000082bd4220,0x0000000084300000)
 Metaspace       used 65313K, committed 66816K, reserved 1114112K
  class space    used 8283K, committed 8960K, reserved 1048576K
}
Event: 258.935 GC heap before
{Heap before GC invocations=50 (full 3):
 PSYoungGen      total 22528K, used 22508K [0x00000000d5580000, 0x00000000d7200000, 0x0000000100000000)
  eden space 22016K, 100% used [0x00000000d5580000,0x00000000d6b00000,0x00000000d6b00000)
  from space 512K, 96% used [0x00000000d7180000,0x00000000d71fb010,0x00000000d7200000)
  to   space 3584K, 0% used [0x00000000d6b00000,0x00000000d6b00000,0x00000000d6e80000)
 ParOldGen       total 68608K, used 44880K [0x0000000080000000, 0x0000000084300000, 0x00000000d5580000)
  object space 68608K, 65% used [0x0000000080000000,0x0000000082bd4220,0x0000000084300000)
 Metaspace       used 65410K, committed 66944K, reserved 1114112K
  class space    used 8291K, committed 9024K, reserved 1048576K
}
Event: 258.938 GC heap after
{Heap after GC invocations=50 (full 3):
 PSYoungGen      total 25600K, used 160K [0x00000000d5580000, 0x00000000d7200000, 0x0000000100000000)
  eden space 22016K, 0% used [0x00000000d5580000,0x00000000d5580000,0x00000000d6b00000)
  from space 3584K, 4% used [0x00000000d6b00000,0x00000000d6b28000,0x00000000d6e80000)
  to   space 1536K, 0% used [0x00000000d7080000,0x00000000d7080000,0x00000000d7200000)
 ParOldGen       total 68608K, used 45378K [0x0000000080000000, 0x0000000084300000, 0x00000000d5580000)
  object space 68608K, 66% used [0x0000000080000000,0x0000000082c50958,0x0000000084300000)
 Metaspace       used 65410K, committed 66944K, reserved 1114112K
  class space    used 8291K, committed 9024K, reserved 1048576K
}
Event: 260.053 GC heap before
{Heap before GC invocations=51 (full 3):
 PSYoungGen      total 25600K, used 22176K [0x00000000d5580000, 0x00000000d7200000, 0x0000000100000000)
  eden space 22016K, 100% used [0x00000000d5580000,0x00000000d6b00000,0x00000000d6b00000)
  from space 3584K, 4% used [0x00000000d6b00000,0x00000000d6b28000,0x00000000d6e80000)
  to   space 1536K, 0% used [0x00000000d7080000,0x00000000d7080000,0x00000000d7200000)
 ParOldGen       total 68608K, used 45378K [0x0000000080000000, 0x0000000084300000, 0x00000000d5580000)
  object space 68608K, 66% used [0x0000000080000000,0x0000000082c50958,0x0000000084300000)
 Metaspace       used 65427K, committed 67008K, reserved 1114112K
  class space    used 8291K, committed 9024K, reserved 1048576K
}
Event: 260.054 GC heap after
{Heap after GC invocations=51 (full 3):
 PSYoungGen      total 22528K, used 128K [0x00000000d5580000, 0x00000000d7100000, 0x0000000100000000)
  eden space 22016K, 0% used [0x00000000d5580000,0x00000000d5580000,0x00000000d6b00000)
  from space 512K, 25% used [0x00000000d7080000,0x00000000d70a0000,0x00000000d7100000)
  to   space 512K, 0% used [0x00000000d7000000,0x00000000d7000000,0x00000000d7080000)
 ParOldGen       total 68608K, used 45526K [0x0000000080000000, 0x0000000084300000, 0x00000000d5580000)
  object space 68608K, 66% used [0x0000000080000000,0x0000000082c75988,0x0000000084300000)
 Metaspace       used 65427K, committed 67008K, reserved 1114112K
  class space    used 8291K, committed 9024K, reserved 1048576K
}
Event: 260.776 GC heap before
{Heap before GC invocations=52 (full 3):
 PSYoungGen      total 22528K, used 22144K [0x00000000d5580000, 0x00000000d7100000, 0x0000000100000000)
  eden space 22016K, 100% used [0x00000000d5580000,0x00000000d6b00000,0x00000000d6b00000)
  from space 512K, 25% used [0x00000000d7080000,0x00000000d70a0000,0x00000000d7100000)
  to   space 512K, 0% used [0x00000000d7000000,0x00000000d7000000,0x00000000d7080000)
 ParOldGen       total 68608K, used 45526K [0x0000000080000000, 0x0000000084300000, 0x00000000d5580000)
  object space 68608K, 66% used [0x0000000080000000,0x0000000082c75988,0x0000000084300000)
 Metaspace       used 65433K, committed 67008K, reserved 1114112K
  class space    used 8291K, committed 9024K, reserved 1048576K
}
Event: 260.777 GC heap after
{Heap after GC invocations=52 (full 3):
 PSYoungGen      total 22528K, used 128K [0x00000000d5580000, 0x00000000d7100000, 0x0000000100000000)
  eden space 22016K, 0% used [0x00000000d5580000,0x00000000d5580000,0x00000000d6b00000)
  from space 512K, 25% used [0x00000000d7000000,0x00000000d7020000,0x00000000d7080000)
  to   space 512K, 0% used [0x00000000d7080000,0x00000000d7080000,0x00000000d7100000)
 ParOldGen       total 68608K, used 45550K [0x0000000080000000, 0x0000000084300000, 0x00000000d5580000)
  object space 68608K, 66% used [0x0000000080000000,0x0000000082c7b988,0x0000000084300000)
 Metaspace       used 65433K, committed 67008K, reserved 1114112K
  class space    used 8291K, committed 9024K, reserved 1048576K
}
Event: 262.090 GC heap before
{Heap before GC invocations=53 (full 3):
 PSYoungGen      total 22528K, used 22144K [0x00000000d5580000, 0x00000000d7100000, 0x0000000100000000)
  eden space 22016K, 100% used [0x00000000d5580000,0x00000000d6b00000,0x00000000d6b00000)
  from space 512K, 25% used [0x00000000d7000000,0x00000000d7020000,0x00000000d7080000)
  to   space 512K, 0% used [0x00000000d7080000,0x00000000d7080000,0x00000000d7100000)
 ParOldGen       total 68608K, used 45550K [0x0000000080000000, 0x0000000084300000, 0x00000000d5580000)
  object space 68608K, 66% used [0x0000000080000000,0x0000000082c7b988,0x0000000084300000)
 Metaspace       used 65444K, committed 67008K, reserved 1114112K
  class space    used 8291K, committed 9024K, reserved 1048576K
}
Event: 262.092 GC heap after
{Heap after GC invocations=53 (full 3):
 PSYoungGen      total 22528K, used 505K [0x00000000d5580000, 0x00000000d7100000, 0x0000000100000000)
  eden space 22016K, 0% used [0x00000000d5580000,0x00000000d5580000,0x00000000d6b00000)
  from space 512K, 98% used [0x00000000d7080000,0x00000000d70fe7f0,0x00000000d7100000)
  to   space 1024K, 0% used [0x00000000d6f00000,0x00000000d6f00000,0x00000000d7000000)
 ParOldGen       total 68608K, used 45618K [0x0000000080000000, 0x0000000084300000, 0x00000000d5580000)
  object space 68608K, 66% used [0x0000000080000000,0x0000000082c8c9b8,0x0000000084300000)
 Metaspace       used 65444K, committed 67008K, reserved 1114112K
  class space    used 8291K, committed 9024K, reserved 1048576K
}
Event: 263.619 GC heap before
{Heap before GC invocations=54 (full 3):
 PSYoungGen      total 22528K, used 22521K [0x00000000d5580000, 0x00000000d7100000, 0x0000000100000000)
  eden space 22016K, 100% used [0x00000000d5580000,0x00000000d6b00000,0x00000000d6b00000)
  from space 512K, 98% used [0x00000000d7080000,0x00000000d70fe7f0,0x00000000d7100000)
  to   space 1024K, 0% used [0x00000000d6f00000,0x00000000d6f00000,0x00000000d7000000)
 ParOldGen       total 68608K, used 45618K [0x0000000080000000, 0x0000000084300000, 0x00000000d5580000)
  object space 68608K, 66% used [0x0000000080000000,0x0000000082c8c9b8,0x0000000084300000)
 Metaspace       used 66120K, committed 67648K, reserved 1114112K
  class space    used 8365K, committed 9024K, reserved 1048576K
}
Event: 263.622 GC heap after
{Heap after GC invocations=54 (full 3):
 PSYoungGen      total 23040K, used 408K [0x00000000d5580000, 0x00000000d7100000, 0x0000000100000000)
  eden space 22016K, 0% used [0x00000000d5580000,0x00000000d5580000,0x00000000d6b00000)
  from space 1024K, 39% used [0x00000000d6f00000,0x00000000d6f661a8,0x00000000d7000000)
  to   space 512K, 0% used [0x00000000d7080000,0x00000000d7080000,0x00000000d7100000)
 ParOldGen       total 68608K, used 45642K [0x0000000080000000, 0x0000000084300000, 0x00000000d5580000)
  object space 68608K, 66% used [0x0000000080000000,0x0000000082c929b8,0x0000000084300000)
 Metaspace       used 66120K, committed 67648K, reserved 1114112K
  class space    used 8365K, committed 9024K, reserved 1048576K
}
Event: 265.957 GC heap before
{Heap before GC invocations=55 (full 3):
 PSYoungGen      total 23040K, used 22424K [0x00000000d5580000, 0x00000000d7100000, 0x0000000100000000)
  eden space 22016K, 100% used [0x00000000d5580000,0x00000000d6b00000,0x00000000d6b00000)
  from space 1024K, 39% used [0x00000000d6f00000,0x00000000d6f661a8,0x00000000d7000000)
  to   space 512K, 0% used [0x00000000d7080000,0x00000000d7080000,0x00000000d7100000)
 ParOldGen       total 68608K, used 45642K [0x0000000080000000, 0x0000000084300000, 0x00000000d5580000)
  object space 68608K, 66% used [0x0000000080000000,0x0000000082c929b8,0x0000000084300000)
 Metaspace       used 66260K, committed 67840K, reserved 1114112K
  class space    used 8374K, committed 9088K, reserved 1048576K
}
Event: 265.959 GC heap after
{Heap after GC invocations=55 (full 3):
 PSYoungGen      total 22528K, used 384K [0x00000000d5580000, 0x00000000d7100000, 0x0000000100000000)
  eden space 22016K, 0% used [0x00000000d5580000,0x00000000d5580000,0x00000000d6b00000)
  from space 512K, 75% used [0x00000000d7080000,0x00000000d70e0000,0x00000000d7100000)
  to   space 512K, 0% used [0x00000000d7000000,0x00000000d7000000,0x00000000d7080000)
 ParOldGen       total 68608K, used 46032K [0x0000000080000000, 0x0000000084300000, 0x00000000d5580000)
  object space 68608K, 67% used [0x0000000080000000,0x0000000082cf4330,0x0000000084300000)
 Metaspace       used 66260K, committed 67840K, reserved 1114112K
  class space    used 8374K, committed 9088K, reserved 1048576K
}
Event: 267.626 GC heap before
{Heap before GC invocations=56 (full 3):
 PSYoungGen      total 22528K, used 22400K [0x00000000d5580000, 0x00000000d7100000, 0x0000000100000000)
  eden space 22016K, 100% used [0x00000000d5580000,0x00000000d6b00000,0x00000000d6b00000)
  from space 512K, 75% used [0x00000000d7080000,0x00000000d70e0000,0x00000000d7100000)
  to   space 512K, 0% used [0x00000000d7000000,0x00000000d7000000,0x00000000d7080000)
 ParOldGen       total 68608K, used 46032K [0x0000000080000000, 0x0000000084300000, 0x00000000d5580000)
  object space 68608K, 67% used [0x0000000080000000,0x0000000082cf4330,0x0000000084300000)
 Metaspace       used 66274K, committed 67840K, reserved 1114112K
  class space    used 8375K, committed 9088K, reserved 1048576K
}
Event: 267.628 GC heap after
{Heap after GC invocations=56 (full 3):
 PSYoungGen      total 22528K, used 96K [0x00000000d5580000, 0x00000000d7100000, 0x0000000100000000)
  eden space 22016K, 0% used [0x00000000d5580000,0x00000000d5580000,0x00000000d6b00000)
  from space 512K, 18% used [0x00000000d7000000,0x00000000d7018000,0x00000000d7080000)
  to   space 512K, 0% used [0x00000000d7080000,0x00000000d7080000,0x00000000d7100000)
 ParOldGen       total 68608K, used 46347K [0x0000000080000000, 0x0000000084300000, 0x00000000d5580000)
  object space 68608K, 67% used [0x0000000080000000,0x0000000082d42df8,0x0000000084300000)
 Metaspace       used 66274K, committed 67840K, reserved 1114112K
  class space    used 8375K, committed 9088K, reserved 1048576K
}
Event: 268.210 GC heap before
{Heap before GC invocations=57 (full 3):
 PSYoungGen      total 22528K, used 22112K [0x00000000d5580000, 0x00000000d7100000, 0x0000000100000000)
  eden space 22016K, 100% used [0x00000000d5580000,0x00000000d6b00000,0x00000000d6b00000)
  from space 512K, 18% used [0x00000000d7000000,0x00000000d7018000,0x00000000d7080000)
  to   space 512K, 0% used [0x00000000d7080000,0x00000000d7080000,0x00000000d7100000)
 ParOldGen       total 68608K, used 46347K [0x0000000080000000, 0x0000000084300000, 0x00000000d5580000)
  object space 68608K, 67% used [0x0000000080000000,0x0000000082d42df8,0x0000000084300000)
 Metaspace       used 66274K, committed 67840K, reserved 1114112K
  class space    used 8375K, committed 9088K, reserved 1048576K
}
Event: 268.210 GC heap after
{Heap after GC invocations=57 (full 3):
 PSYoungGen      total 22528K, used 128K [0x00000000d5580000, 0x00000000d7100000, 0x0000000100000000)
  eden space 22016K, 0% used [0x00000000d5580000,0x00000000d5580000,0x00000000d6b00000)
  from space 512K, 25% used [0x00000000d7080000,0x00000000d70a0000,0x00000000d7100000)
  to   space 512K, 0% used [0x00000000d7000000,0x00000000d7000000,0x00000000d7080000)
 ParOldGen       total 68608K, used 46379K [0x0000000080000000, 0x0000000084300000, 0x00000000d5580000)
  object space 68608K, 67% used [0x0000000080000000,0x0000000082d4adf8,0x0000000084300000)
 Metaspace       used 66274K, committed 67840K, reserved 1114112K
  class space    used 8375K, committed 9088K, reserved 1048576K
}
Event: 268.834 GC heap before
{Heap before GC invocations=58 (full 3):
 PSYoungGen      total 22528K, used 22136K [0x00000000d5580000, 0x00000000d7100000, 0x0000000100000000)
  eden space 22016K, 99% used [0x00000000d5580000,0x00000000d6afe2a0,0x00000000d6b00000)
  from space 512K, 25% used [0x00000000d7080000,0x00000000d70a0000,0x00000000d7100000)
  to   space 512K, 0% used [0x00000000d7000000,0x00000000d7000000,0x00000000d7080000)
 ParOldGen       total 68608K, used 46379K [0x0000000080000000, 0x0000000084300000, 0x00000000d5580000)
  object space 68608K, 67% used [0x0000000080000000,0x0000000082d4adf8,0x0000000084300000)
 Metaspace       used 66276K, committed 67840K, reserved 1114112K
  class space    used 8375K, committed 9088K, reserved 1048576K
}
Event: 268.835 GC heap after
{Heap after GC invocations=58 (full 3):
 PSYoungGen      total 22528K, used 262K [0x00000000d5580000, 0x00000000d7100000, 0x0000000100000000)
  eden space 22016K, 0% used [0x00000000d5580000,0x00000000d5580000,0x00000000d6b00000)
  from space 512K, 51% used [0x00000000d7000000,0x00000000d7041a00,0x00000000d7080000)
  to   space 512K, 0% used [0x00000000d7080000,0x00000000d7080000,0x00000000d7100000)
 ParOldGen       total 68608K, used 46395K [0x0000000080000000, 0x0000000084300000, 0x00000000d5580000)
  object space 68608K, 67% used [0x0000000080000000,0x0000000082d4edf8,0x0000000084300000)
 Metaspace       used 66276K, committed 67840K, reserved 1114112K
  class space    used 8375K, committed 9088K, reserved 1048576K
}

