# JRE version: Java(TM) SE Runtime Environment (23.0.1+11) (build 23.0.1+11-39)
# Java VM: Java HotSpot(TM) 64-Bit Server VM (23.0.1+11-39, mixed mode, sharing, tiered, compressed oops, compressed class ptrs, g1 gc, windows-amd64)
GC Precious Log:
 CardTable entry size: 512
 Card Set container configuration: InlinePtr #cards 4 size 8 Array Of Cards #cards 32 size 80 Howl #buckets 8 coarsen threshold 7372 Howl Bitmap #cards 1024 size 144 coarsen threshold 921 Card regions per heap region 1 cards per card region 8192
 CPUs: 4 total, 4 available
 Memory: 7996M
 Large Page Support: Disabled
 NUMA Support: Disabled
 Compressed Oops: Enabled (Zero based)
 Heap Region Size: 4M
 Heap Min Capacity: 8M
 Heap Initial Capacity: 128M
 Heap Max Capacity: 8G
 Pre-touch: Disabled
 Parallel Workers: 4
 Concurrent Workers: 1
 Concurrent Refinement Workers: 4
 Periodic GC: Disabled
Heap:
 garbage-first heap   total reserved 8388608K, committed 143360K, used 79155K [0x0000000600000000, 0x0000000800000000)
  region size 4096K, 2 young (8192K), 1 survivors (4096K)
 Metaspace       used 79743K, committed 81984K, reserved 1179648K
  class space    used 11715K, committed 12736K, reserved 1048576K
GC Heap History (20 events):
Event: 24.532 GC heap before
{Heap before GC invocations=17 (full 0):
 garbage-first heap   total reserved 8388608K, committed 118784K, used 100358K [0x0000000600000000, 0x0000000800000000)
  region size 4096K, 15 young (61440K), 2 survivors (8192K)
 Metaspace       used 58326K, committed 60352K, reserved 1114112K
  class space    used 8592K, committed 9536K, reserved 1048576K
}
Event: 24.548 GC heap after
{Heap after GC invocations=18 (full 0):
 garbage-first heap   total reserved 8388608K, committed 118784K, used 49701K [0x0000000600000000, 0x0000000800000000)
  region size 4096K, 2 young (8192K), 2 survivors (8192K)
 Metaspace       used 58326K, committed 60352K, reserved 1114112K
  class space    used 8592K, committed 9536K, reserved 1048576K
}
Event: 24.919 GC heap before
{Heap before GC invocations=18 (full 0):
 garbage-first heap   total reserved 8388608K, committed 118784K, used 57893K [0x0000000600000000, 0x0000000800000000)
  region size 4096K, 5 young (20480K), 2 survivors (8192K)
 Metaspace       used 58889K, committed 60928K, reserved 1114112K
  class space    used 8684K, committed 9664K, reserved 1048576K
}
Event: 24.933 GC heap after
{Heap after GC invocations=19 (full 0):
 garbage-first heap   total reserved 8388608K, committed 118784K, used 58714K [0x0000000600000000, 0x0000000800000000)
  region size 4096K, 2 young (8192K), 2 survivors (8192K)
 Metaspace       used 58889K, committed 60928K, reserved 1114112K
  class space    used 8684K, committed 9664K, reserved 1048576K
}
Event: 26.317 GC heap before
{Heap before GC invocations=20 (full 0):
 garbage-first heap   total reserved 8388608K, committed 118784K, used 99674K [0x0000000600000000, 0x0000000800000000)
  region size 4096K, 12 young (49152K), 2 survivors (8192K)
 Metaspace       used 62753K, committed 64768K, reserved 1114112K
  class space    used 9230K, committed 10176K, reserved 1048576K
}
Event: 26.326 GC heap after
{Heap after GC invocations=21 (full 0):
 garbage-first heap   total reserved 8388608K, committed 118784K, used 58985K [0x0000000600000000, 0x0000000800000000)
  region size 4096K, 2 young (8192K), 2 survivors (8192K)
 Metaspace       used 62753K, committed 64768K, reserved 1114112K
  class space    used 9230K, committed 10176K, reserved 1048576K
}
Event: 27.369 GC heap before
{Heap before GC invocations=21 (full 0):
 garbage-first heap   total reserved 8388608K, committed 118784K, used 95849K [0x0000000600000000, 0x0000000800000000)
  region size 4096K, 11 young (45056K), 2 survivors (8192K)
 Metaspace       used 66357K, committed 68416K, reserved 1114112K
  class space    used 9701K, committed 10688K, reserved 1048576K
}
Event: 27.377 GC heap after
{Heap after GC invocations=22 (full 0):
 garbage-first heap   total reserved 8388608K, committed 118784K, used 62014K [0x0000000600000000, 0x0000000800000000)
  region size 4096K, 1 young (4096K), 1 survivors (4096K)
 Metaspace       used 66357K, committed 68416K, reserved 1114112K
  class space    used 9701K, committed 10688K, reserved 1048576K
}
Event: 27.735 GC heap before
{Heap before GC invocations=23 (full 0):
 garbage-first heap   total reserved 8388608K, committed 118784K, used 78398K [0x0000000600000000, 0x0000000800000000)
  region size 4096K, 6 young (24576K), 1 survivors (4096K)
 Metaspace       used 67546K, committed 69568K, reserved 1114112K
  class space    used 9862K, committed 10816K, reserved 1048576K
}
Event: 27.742 GC heap after
{Heap after GC invocations=24 (full 0):
 garbage-first heap   total reserved 8388608K, committed 118784K, used 62556K [0x0000000600000000, 0x0000000800000000)
  region size 4096K, 1 young (4096K), 1 survivors (4096K)
 Metaspace       used 67546K, committed 69568K, reserved 1114112K
  class space    used 9862K, committed 10816K, reserved 1048576K
}
Event: 28.863 GC heap before
{Heap before GC invocations=25 (full 0):
 garbage-first heap   total reserved 8388608K, committed 118784K, used 107612K [0x0000000600000000, 0x0000000800000000)
  region size 4096K, 11 young (45056K), 1 survivors (4096K)
 Metaspace       used 69903K, committed 71936K, reserved 1114112K
  class space    used 10220K, committed 11200K, reserved 1048576K
}
Event: 28.874 GC heap after
{Heap after GC invocations=26 (full 0):
 garbage-first heap   total reserved 8388608K, committed 118784K, used 68194K [0x0000000600000000, 0x0000000800000000)
  region size 4096K, 2 young (8192K), 2 survivors (8192K)
 Metaspace       used 69903K, committed 71936K, reserved 1114112K
  class space    used 10220K, committed 11200K, reserved 1048576K
}
Event: 30.107 GC heap before
{Heap before GC invocations=26 (full 0):
 garbage-first heap   total reserved 8388608K, committed 118784K, used 96866K [0x0000000600000000, 0x0000000800000000)
  region size 4096K, 9 young (36864K), 2 survivors (8192K)
 Metaspace       used 71548K, committed 73664K, reserved 1114112K
  class space    used 10454K, committed 11456K, reserved 1048576K
}
Event: 30.121 GC heap after
{Heap after GC invocations=27 (full 0):
 garbage-first heap   total reserved 8388608K, committed 118784K, used 68666K [0x0000000600000000, 0x0000000800000000)
  region size 4096K, 2 young (8192K), 2 survivors (8192K)
 Metaspace       used 71548K, committed 73664K, reserved 1114112K
  class space    used 10454K, committed 11456K, reserved 1048576K
}
Event: 31.220 GC heap before
{Heap before GC invocations=27 (full 0):
 garbage-first heap   total reserved 8388608K, committed 118784K, used 97338K [0x0000000600000000, 0x0000000800000000)
  region size 4096K, 9 young (36864K), 2 survivors (8192K)
 Metaspace       used 73057K, committed 75264K, reserved 1114112K
  class space    used 10673K, committed 11712K, reserved 1048576K
}
Event: 31.240 GC heap after
{Heap after GC invocations=28 (full 0):
 garbage-first heap   total reserved 8388608K, committed 143360K, used 71548K [0x0000000600000000, 0x0000000800000000)
  region size 4096K, 2 young (8192K), 2 survivors (8192K)
 Metaspace       used 73057K, committed 75264K, reserved 1114112K
  class space    used 10673K, committed 11712K, reserved 1048576K
}
Event: 36.624 GC heap before
{Heap before GC invocations=29 (full 0):
 garbage-first heap   total reserved 8388608K, committed 143360K, used 116604K [0x0000000600000000, 0x0000000800000000)
  region size 4096K, 14 young (57344K), 2 survivors (8192K)
 Metaspace       used 75963K, committed 78208K, reserved 1179648K
  class space    used 11194K, committed 12224K, reserved 1048576K
}
Event: 36.645 GC heap after
{Heap after GC invocations=30 (full 0):
 garbage-first heap   total reserved 8388608K, committed 143360K, used 75360K [0x0000000600000000, 0x0000000800000000)
  region size 4096K, 2 young (8192K), 2 survivors (8192K)
 Metaspace       used 75963K, committed 78208K, reserved 1179648K
  class space    used 11194K, committed 12224K, reserved 1048576K
}
Event: 39.501 GC heap before
{Heap before GC invocations=30 (full 0):
 garbage-first heap   total reserved 8388608K, committed 143360K, used 120416K [0x0000000600000000, 0x0000000800000000)
  region size 4096K, 13 young (53248K), 2 survivors (8192K)
 Metaspace       used 79411K, committed 81664K, reserved 1179648K
  class space    used 11653K, committed 12736K, reserved 1048576K
}
Event: 39.535 GC heap after
{Heap after GC invocations=31 (full 0):
 garbage-first heap   total reserved 8388608K, committed 143360K, used 79155K [0x0000000600000000, 0x0000000800000000)
  region size 4096K, 1 young (4096K), 1 survivors (4096K)
 Metaspace       used 79411K, committed 81664K, reserved 1179648K
  class space    used 11653K, committed 12736K, reserved 1048576K
}

