# JRE version: OpenJDK Runtime Environment Temurin-21.0.10+7 (21.0.10+7) (build 21.0.10+7-LTS)
# Java VM: OpenJDK 64-Bit Server VM Temurin-21.0.10+7 (21.0.10+7-LTS, mixed mode, sharing, tiered, compressed oops, compressed class ptrs, parallel gc, windows-amd64)
GC Precious Log:
 CardTable entry size: 512
 CPUs: 4 total, 4 available
 Memory: 7996M
 Large Page Support: Disabled
 NUMA Support: Disabled
 Compressed Oops: Enabled (32-bit)
 Alignments: Space 512K, Generation 512K, Heap 2M
 Heap Min Capacity: 100M
 Heap Initial Capacity: 100M
 Heap Max Capacity: 2G
 Pre-touch: Disabled
 Parallel Workers: 4
Heap:
 PSYoungGen      total 23040K, used 5821K [0x00000000d5580000, 0x00000000d7100000, 0x0000000100000000)
  eden space 22016K, 22% used [0x00000000d5580000,0x00000000d5a6b538,0x00000000d6b00000)
  from space 1024K, 76% used [0x00000000d7000000,0x00000000d70c4020,0x00000000d7100000)
  to   space 1024K, 0% used [0x00000000d6f00000,0x00000000d6f00000,0x00000000d7000000)
 ParOldGen       total 68608K, used 40475K [0x0000000080000000, 0x0000000084300000, 0x00000000d5580000)
  object space 68608K, 58% used [0x0000000080000000,0x0000000082786da8,0x0000000084300000)
 Metaspace       used 64602K, committed 66112K, reserved 1114112K
  class space    used 8180K, committed 8832K, reserved 1048576K
GC Heap History (20 events):
Event: 46.004 GC heap before
{Heap before GC invocations=34 (full 3):
 PSYoungGen      total 22528K, used 22469K [0x00000000d5580000, 0x00000000d7100000, 0x0000000100000000)
  eden space 22016K, 100% used [0x00000000d5580000,0x00000000d6b00000,0x00000000d6b00000)
  from space 512K, 88% used [0x00000000d7080000,0x00000000d70f1528,0x00000000d7100000)
  to   space 512K, 0% used [0x00000000d7000000,0x00000000d7000000,0x00000000d7080000)
 ParOldGen       total 68608K, used 39238K [0x0000000080000000, 0x0000000084300000, 0x00000000d5580000)
  object space 68608K, 57% used [0x0000000080000000,0x0000000082651990,0x0000000084300000)
 Metaspace       used 60473K, committed 61824K, reserved 1114112K
  class space    used 7622K, committed 8192K, reserved 1048576K
}
Event: 46.008 GC heap after
{Heap after GC invocations=34 (full 3):
 PSYoungGen      total 22528K, used 484K [0x00000000d5580000, 0x00000000d7100000, 0x0000000100000000)
  eden space 22016K, 0% used [0x00000000d5580000,0x00000000d5580000,0x00000000d6b00000)
  from space 512K, 94% used [0x00000000d7000000,0x00000000d7079390,0x00000000d7080000)
  to   space 512K, 0% used [0x00000000d7080000,0x00000000d7080000,0x00000000d7100000)
 ParOldGen       total 68608K, used 39417K [0x0000000080000000, 0x0000000084300000, 0x00000000d5580000)
  object space 68608K, 57% used [0x0000000080000000,0x000000008267e510,0x0000000084300000)
 Metaspace       used 60473K, committed 61824K, reserved 1114112K
  class space    used 7622K, committed 8192K, reserved 1048576K
}
Event: 46.878 GC heap before
{Heap before GC invocations=35 (full 3):
 PSYoungGen      total 22528K, used 22500K [0x00000000d5580000, 0x00000000d7100000, 0x0000000100000000)
  eden space 22016K, 100% used [0x00000000d5580000,0x00000000d6b00000,0x00000000d6b00000)
  from space 512K, 94% used [0x00000000d7000000,0x00000000d7079390,0x00000000d7080000)
  to   space 512K, 0% used [0x00000000d7080000,0x00000000d7080000,0x00000000d7100000)
 ParOldGen       total 68608K, used 39417K [0x0000000080000000, 0x0000000084300000, 0x00000000d5580000)
  object space 68608K, 57% used [0x0000000080000000,0x000000008267e510,0x0000000084300000)
 Metaspace       used 60473K, committed 61824K, reserved 1114112K
  class space    used 7622K, committed 8192K, reserved 1048576K
}
Event: 46.880 GC heap after
{Heap after GC invocations=35 (full 3):
 PSYoungGen      total 22528K, used 160K [0x00000000d5580000, 0x00000000d7100000, 0x0000000100000000)
  eden space 22016K, 0% used [0x00000000d5580000,0x00000000d5580000,0x00000000d6b00000)
  from space 512K, 31% used [0x00000000d7080000,0x00000000d70a8000,0x00000000d7100000)
  to   space 512K, 0% used [0x00000000d7000000,0x00000000d7000000,0x00000000d7080000)
 ParOldGen       total 68608K, used 39641K [0x0000000080000000, 0x0000000084300000, 0x00000000d5580000)
  object space 68608K, 57% used [0x0000000080000000,0x00000000826b6510,0x0000000084300000)
 Metaspace       used 60473K, committed 61824K, reserved 1114112K
  class space    used 7622K, committed 8192K, reserved 1048576K
}
Event: 48.241 GC heap before
{Heap before GC invocations=36 (full 3):
 PSYoungGen      total 22528K, used 22176K [0x00000000d5580000, 0x00000000d7100000, 0x0000000100000000)
  eden space 22016K, 100% used [0x00000000d5580000,0x00000000d6b00000,0x00000000d6b00000)
  from space 512K, 31% used [0x00000000d7080000,0x00000000d70a8000,0x00000000d7100000)
  to   space 512K, 0% used [0x00000000d7000000,0x00000000d7000000,0x00000000d7080000)
 ParOldGen       total 68608K, used 39641K [0x0000000080000000, 0x0000000084300000, 0x00000000d5580000)
  object space 68608K, 57% used [0x0000000080000000,0x00000000826b6510,0x0000000084300000)
 Metaspace       used 60473K, committed 61824K, reserved 1114112K
  class space    used 7622K, committed 8192K, reserved 1048576K
}
Event: 48.242 GC heap after
{Heap after GC invocations=36 (full 3):
 PSYoungGen      total 22528K, used 427K [0x00000000d5580000, 0x00000000d7100000, 0x0000000100000000)
  eden space 22016K, 0% used [0x00000000d5580000,0x00000000d5580000,0x00000000d6b00000)
  from space 512K, 83% used [0x00000000d7000000,0x00000000d706acf8,0x00000000d7080000)
  to   space 512K, 0% used [0x00000000d7080000,0x00000000d7080000,0x00000000d7100000)
 ParOldGen       total 68608K, used 39673K [0x0000000080000000, 0x0000000084300000, 0x00000000d5580000)
  object space 68608K, 57% used [0x0000000080000000,0x00000000826be510,0x0000000084300000)
 Metaspace       used 60473K, committed 61824K, reserved 1114112K
  class space    used 7622K, committed 8192K, reserved 1048576K
}
Event: 49.876 GC heap before
{Heap before GC invocations=37 (full 3):
 PSYoungGen      total 22528K, used 22443K [0x00000000d5580000, 0x00000000d7100000, 0x0000000100000000)
  eden space 22016K, 100% used [0x00000000d5580000,0x00000000d6b00000,0x00000000d6b00000)
  from space 512K, 83% used [0x00000000d7000000,0x00000000d706acf8,0x00000000d7080000)
  to   space 512K, 0% used [0x00000000d7080000,0x00000000d7080000,0x00000000d7100000)
 ParOldGen       total 68608K, used 39673K [0x0000000080000000, 0x0000000084300000, 0x00000000d5580000)
  object space 68608K, 57% used [0x0000000080000000,0x00000000826be510,0x0000000084300000)
 Metaspace       used 60473K, committed 61824K, reserved 1114112K
  class space    used 7622K, committed 8192K, reserved 1048576K
}
Event: 49.877 GC heap after
{Heap after GC invocations=37 (full 3):
 PSYoungGen      total 22528K, used 128K [0x00000000d5580000, 0x00000000d7100000, 0x0000000100000000)
  eden space 22016K, 0% used [0x00000000d5580000,0x00000000d5580000,0x00000000d6b00000)
  from space 512K, 25% used [0x00000000d7080000,0x00000000d70a0000,0x00000000d7100000)
  to   space 512K, 0% used [0x00000000d7000000,0x00000000d7000000,0x00000000d7080000)
 ParOldGen       total 68608K, used 39697K [0x0000000080000000, 0x0000000084300000, 0x00000000d5580000)
  object space 68608K, 57% used [0x0000000080000000,0x00000000826c4510,0x0000000084300000)
 Metaspace       used 60473K, committed 61824K, reserved 1114112K
  class space    used 7622K, committed 8192K, reserved 1048576K
}
Event: 51.787 GC heap before
{Heap before GC invocations=38 (full 3):
 PSYoungGen      total 22528K, used 22144K [0x00000000d5580000, 0x00000000d7100000, 0x0000000100000000)
  eden space 22016K, 100% used [0x00000000d5580000,0x00000000d6b00000,0x00000000d6b00000)
  from space 512K, 25% used [0x00000000d7080000,0x00000000d70a0000,0x00000000d7100000)
  to   space 512K, 0% used [0x00000000d7000000,0x00000000d7000000,0x00000000d7080000)
 ParOldGen       total 68608K, used 39697K [0x0000000080000000, 0x0000000084300000, 0x00000000d5580000)
  object space 68608K, 57% used [0x0000000080000000,0x00000000826c4510,0x0000000084300000)
 Metaspace       used 60475K, committed 61824K, reserved 1114112K
  class space    used 7622K, committed 8192K, reserved 1048576K
}
Event: 51.791 GC heap after
{Heap after GC invocations=38 (full 3):
 PSYoungGen      total 22528K, used 192K [0x00000000d5580000, 0x00000000d7100000, 0x0000000100000000)
  eden space 22016K, 0% used [0x00000000d5580000,0x00000000d5580000,0x00000000d6b00000)
  from space 512K, 37% used [0x00000000d7000000,0x00000000d7030000,0x00000000d7080000)
  to   space 512K, 0% used [0x00000000d7080000,0x00000000d7080000,0x00000000d7100000)
 ParOldGen       total 68608K, used 39705K [0x0000000080000000, 0x0000000084300000, 0x00000000d5580000)
  object space 68608K, 57% used [0x0000000080000000,0x00000000826c6510,0x0000000084300000)
 Metaspace       used 60475K, committed 61824K, reserved 1114112K
  class space    used 7622K, committed 8192K, reserved 1048576K
}
Event: 52.946 GC heap before
{Heap before GC invocations=39 (full 3):
 PSYoungGen      total 22528K, used 22208K [0x00000000d5580000, 0x00000000d7100000, 0x0000000100000000)
  eden space 22016K, 100% used [0x00000000d5580000,0x00000000d6b00000,0x00000000d6b00000)
  from space 512K, 37% used [0x00000000d7000000,0x00000000d7030000,0x00000000d7080000)
  to   space 512K, 0% used [0x00000000d7080000,0x00000000d7080000,0x00000000d7100000)
 ParOldGen       total 68608K, used 39705K [0x0000000080000000, 0x0000000084300000, 0x00000000d5580000)
  object space 68608K, 57% used [0x0000000080000000,0x00000000826c6510,0x0000000084300000)
 Metaspace       used 60475K, committed 61824K, reserved 1114112K
  class space    used 7622K, committed 8192K, reserved 1048576K
}
Event: 52.948 GC heap after
{Heap after GC invocations=39 (full 3):
 PSYoungGen      total 22528K, used 160K [0x00000000d5580000, 0x00000000d7100000, 0x0000000100000000)
  eden space 22016K, 0% used [0x00000000d5580000,0x00000000d5580000,0x00000000d6b00000)
  from space 512K, 31% used [0x00000000d7080000,0x00000000d70a8000,0x00000000d7100000)
  to   space 512K, 0% used [0x00000000d7000000,0x00000000d7000000,0x00000000d7080000)
 ParOldGen       total 68608K, used 39763K [0x0000000080000000, 0x0000000084300000, 0x00000000d5580000)
  object space 68608K, 57% used [0x0000000080000000,0x00000000826d4d78,0x0000000084300000)
 Metaspace       used 60475K, committed 61824K, reserved 1114112K
  class space    used 7622K, committed 8192K, reserved 1048576K
}
Event: 53.677 GC heap before
{Heap before GC invocations=40 (full 3):
 PSYoungGen      total 22528K, used 22176K [0x00000000d5580000, 0x00000000d7100000, 0x0000000100000000)
  eden space 22016K, 100% used [0x00000000d5580000,0x00000000d6b00000,0x00000000d6b00000)
  from space 512K, 31% used [0x00000000d7080000,0x00000000d70a8000,0x00000000d7100000)
  to   space 512K, 0% used [0x00000000d7000000,0x00000000d7000000,0x00000000d7080000)
 ParOldGen       total 68608K, used 39763K [0x0000000080000000, 0x0000000084300000, 0x00000000d5580000)
  object space 68608K, 57% used [0x0000000080000000,0x00000000826d4d78,0x0000000084300000)
 Metaspace       used 60475K, committed 61824K, reserved 1114112K
  class space    used 7622K, committed 8192K, reserved 1048576K
}
Event: 53.678 GC heap after
{Heap after GC invocations=40 (full 3):
 PSYoungGen      total 22528K, used 303K [0x00000000d5580000, 0x00000000d7100000, 0x0000000100000000)
  eden space 22016K, 0% used [0x00000000d5580000,0x00000000d5580000,0x00000000d6b00000)
  from space 512K, 59% used [0x00000000d7000000,0x00000000d704bcd8,0x00000000d7080000)
  to   space 512K, 0% used [0x00000000d7080000,0x00000000d7080000,0x00000000d7100000)
 ParOldGen       total 68608K, used 39819K [0x0000000080000000, 0x0000000084300000, 0x00000000d5580000)
  object space 68608K, 58% used [0x0000000080000000,0x00000000826e2d88,0x0000000084300000)
 Metaspace       used 60475K, committed 61824K, reserved 1114112K
  class space    used 7622K, committed 8192K, reserved 1048576K
}
Event: 55.058 GC heap before
{Heap before GC invocations=41 (full 3):
 PSYoungGen      total 22528K, used 22319K [0x00000000d5580000, 0x00000000d7100000, 0x0000000100000000)
  eden space 22016K, 100% used [0x00000000d5580000,0x00000000d6b00000,0x00000000d6b00000)
  from space 512K, 59% used [0x00000000d7000000,0x00000000d704bcd8,0x00000000d7080000)
  to   space 512K, 0% used [0x00000000d7080000,0x00000000d7080000,0x00000000d7100000)
 ParOldGen       total 68608K, used 39819K [0x0000000080000000, 0x0000000084300000, 0x00000000d5580000)
  object space 68608K, 58% used [0x0000000080000000,0x00000000826e2d88,0x0000000084300000)
 Metaspace       used 60475K, committed 61824K, reserved 1114112K
  class space    used 7622K, committed 8192K, reserved 1048576K
}
Event: 55.060 GC heap after
{Heap after GC invocations=41 (full 3):
 PSYoungGen      total 22528K, used 490K [0x00000000d5580000, 0x00000000d7100000, 0x0000000100000000)
  eden space 22016K, 0% used [0x00000000d5580000,0x00000000d5580000,0x00000000d6b00000)
  from space 512K, 95% used [0x00000000d7080000,0x00000000d70fa8c8,0x00000000d7100000)
  to   space 1024K, 0% used [0x00000000d6f00000,0x00000000d6f00000,0x00000000d7000000)
 ParOldGen       total 68608K, used 39843K [0x0000000080000000, 0x0000000084300000, 0x00000000d5580000)
  object space 68608K, 58% used [0x0000000080000000,0x00000000826e8d88,0x0000000084300000)
 Metaspace       used 60475K, committed 61824K, reserved 1114112K
  class space    used 7622K, committed 8192K, reserved 1048576K
}
Event: 58.008 GC heap before
{Heap before GC invocations=42 (full 3):
 PSYoungGen      total 22528K, used 22506K [0x00000000d5580000, 0x00000000d7100000, 0x0000000100000000)
  eden space 22016K, 100% used [0x00000000d5580000,0x00000000d6b00000,0x00000000d6b00000)
  from space 512K, 95% used [0x00000000d7080000,0x00000000d70fa8c8,0x00000000d7100000)
  to   space 1024K, 0% used [0x00000000d6f00000,0x00000000d6f00000,0x00000000d7000000)
 ParOldGen       total 68608K, used 39843K [0x0000000080000000, 0x0000000084300000, 0x00000000d5580000)
  object space 68608K, 58% used [0x0000000080000000,0x00000000826e8d88,0x0000000084300000)
 Metaspace       used 62544K, committed 64000K, reserved 1114112K
  class space    used 7954K, committed 8576K, reserved 1048576K
}
Event: 58.013 GC heap after
{Heap after GC invocations=42 (full 3):
 PSYoungGen      total 23040K, used 704K [0x00000000d5580000, 0x00000000d7100000, 0x0000000100000000)
  eden space 22016K, 0% used [0x00000000d5580000,0x00000000d5580000,0x00000000d6b00000)
  from space 1024K, 68% used [0x00000000d6f00000,0x00000000d6fb0000,0x00000000d7000000)
  to   space 1024K, 0% used [0x00000000d7000000,0x00000000d7000000,0x00000000d7100000)
 ParOldGen       total 68608K, used 39867K [0x0000000080000000, 0x0000000084300000, 0x00000000d5580000)
  object space 68608K, 58% used [0x0000000080000000,0x00000000826eed88,0x0000000084300000)
 Metaspace       used 62544K, committed 64000K, reserved 1114112K
  class space    used 7954K, committed 8576K, reserved 1048576K
}
Event: 142.693 GC heap before
{Heap before GC invocations=43 (full 3):
 PSYoungGen      total 23040K, used 22720K [0x00000000d5580000, 0x00000000d7100000, 0x0000000100000000)
  eden space 22016K, 100% used [0x00000000d5580000,0x00000000d6b00000,0x00000000d6b00000)
  from space 1024K, 68% used [0x00000000d6f00000,0x00000000d6fb0000,0x00000000d7000000)
  to   space 1024K, 0% used [0x00000000d7000000,0x00000000d7000000,0x00000000d7100000)
 ParOldGen       total 68608K, used 39867K [0x0000000080000000, 0x0000000084300000, 0x00000000d5580000)
  object space 68608K, 58% used [0x0000000080000000,0x00000000826eed88,0x0000000084300000)
 Metaspace       used 64541K, committed 66048K, reserved 1114112K
  class space    used 8180K, committed 8832K, reserved 1048576K
}
Event: 142.697 GC heap after
{Heap after GC invocations=43 (full 3):
 PSYoungGen      total 23040K, used 784K [0x00000000d5580000, 0x00000000d7100000, 0x0000000100000000)
  eden space 22016K, 0% used [0x00000000d5580000,0x00000000d5580000,0x00000000d6b00000)
  from space 1024K, 76% used [0x00000000d7000000,0x00000000d70c4020,0x00000000d7100000)
  to   space 1024K, 0% used [0x00000000d6f00000,0x00000000d6f00000,0x00000000d7000000)
 ParOldGen       total 68608K, used 40475K [0x0000000080000000, 0x0000000084300000, 0x00000000d5580000)
  object space 68608K, 58% used [0x0000000080000000,0x0000000082786da8,0x0000000084300000)
 Metaspace       used 64541K, committed 66048K, reserved 1114112K
  class space    used 8180K, committed 8832K, reserved 1048576K
}

